ONLYOFFICE_FONTS_VERSION_11
/usr/bin/x2t/core-fonts/ASC.ttf
/usr/bin/x2t/core-fonts/Andale_Mono.ttf
/usr/bin/x2t/core-fonts/Arial.ttf
/usr/bin/x2t/core-fonts/Arial_Black.ttf
/usr/bin/x2t/core-fonts/Arial_Bold.ttf
/usr/bin/x2t/core-fonts/Arial_Bold_Italic.ttf
/usr/bin/x2t/core-fonts/Arial_Italic.ttf
/usr/bin/x2t/core-fonts/Carlito-Bold.ttf
/usr/bin/x2t/core-fonts/Carlito-BoldItalic.ttf
/usr/bin/x2t/core-fonts/Carlito-Italic.ttf
/usr/bin/x2t/core-fonts/Carlito-Regular.ttf
/usr/bin/x2t/core-fonts/Comic_Sans_MS.ttf
/usr/bin/x2t/core-fonts/Comic_Sans_MS_Bold.ttf
/usr/bin/x2t/core-fonts/Courier_New.ttf
/usr/bin/x2t/core-fonts/Courier_New_Bold.ttf
/usr/bin/x2t/core-fonts/Courier_New_Bold_Italic.ttf
/usr/bin/x2t/core-fonts/Courier_New_Italic.ttf
/usr/bin/x2t/core-fonts/DroidSansFallbackFull.ttf
/usr/bin/x2t/core-fonts/FreeMono.ttf
/usr/bin/x2t/core-fonts/FreeMonoBold.ttf
/usr/bin/x2t/core-fonts/FreeMonoBoldOblique.ttf
/usr/bin/x2t/core-fonts/FreeMonoOblique.ttf
/usr/bin/x2t/core-fonts/FreeSans.ttf
/usr/bin/x2t/core-fonts/FreeSansBold.ttf
/usr/bin/x2t/core-fonts/FreeSansBoldOblique.ttf
/usr/bin/x2t/core-fonts/FreeSansOblique.ttf
/usr/bin/x2t/core-fonts/FreeSerif.ttf
/usr/bin/x2t/core-fonts/FreeSerifBold.ttf
/usr/bin/x2t/core-fonts/FreeSerifBoldItalic.ttf
/usr/bin/x2t/core-fonts/FreeSerifItalic.ttf
/usr/bin/x2t/core-fonts/Georgia.ttf
/usr/bin/x2t/core-fonts/Georgia_Bold.ttf
/usr/bin/x2t/core-fonts/Georgia_Bold_Italic.ttf
/usr/bin/x2t/core-fonts/Georgia_Italic.ttf
/usr/bin/x2t/core-fonts/Impact.ttf
/usr/bin/x2t/core-fonts/LiberationMono-Bold.ttf
/usr/bin/x2t/core-fonts/LiberationMono-BoldItalic.ttf
/usr/bin/x2t/core-fonts/LiberationMono-Italic.ttf
/usr/bin/x2t/core-fonts/LiberationMono-Regular.ttf
/usr/bin/x2t/core-fonts/LiberationSans-Bold.ttf
/usr/bin/x2t/core-fonts/LiberationSans-BoldItalic.ttf
/usr/bin/x2t/core-fonts/LiberationSans-Italic.ttf
/usr/bin/x2t/core-fonts/LiberationSans-Regular.ttf
/usr/bin/x2t/core-fonts/LiberationSansNarrow-Bold.ttf
/usr/bin/x2t/core-fonts/LiberationSansNarrow-BoldItalic.ttf
/usr/bin/x2t/core-fonts/LiberationSansNarrow-Italic.ttf
/usr/bin/x2t/core-fonts/LiberationSansNarrow-Regular.ttf
/usr/bin/x2t/core-fonts/LiberationSerif-Bold.ttf
/usr/bin/x2t/core-fonts/LiberationSerif-BoldItalic.ttf
/usr/bin/x2t/core-fonts/LiberationSerif-Italic.ttf
/usr/bin/x2t/core-fonts/LiberationSerif-Regular.ttf
/usr/bin/x2t/core-fonts/NotoKufiArabic-Bold.ttf
/usr/bin/x2t/core-fonts/NotoKufiArabic-Regular.ttf
/usr/bin/x2t/core-fonts/NotoMusic-Regular.ttf
/usr/bin/x2t/core-fonts/NotoNaskhArabic-Bold.ttf
/usr/bin/x2t/core-fonts/NotoNaskhArabic-Regular.ttf
/usr/bin/x2t/core-fonts/NotoNastaliqUrdu-Bold.ttf
/usr/bin/x2t/core-fonts/NotoNastaliqUrdu-Regular.ttf
/usr/bin/x2t/core-fonts/NotoSans-Bold.ttf
/usr/bin/x2t/core-fonts/NotoSans-BoldItalic.ttf
/usr/bin/x2t/core-fonts/NotoSans-Italic.ttf
/usr/bin/x2t/core-fonts/NotoSans-Regular.ttf
/usr/bin/x2t/core-fonts/NotoSansAdlam-Regular.ttf
/usr/bin/x2t/core-fonts/NotoSansAdlamUnjoined-Regular.ttf
/usr/bin/x2t/core-fonts/NotoSansAnatolianHieroglyphs-Regular.ttf
/usr/bin/x2t/core-fonts/NotoSansArabic-Bold.ttf
/usr/bin/x2t/core-fonts/NotoSansArabic-Regular.ttf
/usr/bin/x2t/core-fonts/NotoSansArmenian-Bold.ttf
/usr/bin/x2t/core-fonts/NotoSansArmenian-Regular.ttf
/usr/bin/x2t/core-fonts/NotoSansAvestan-Regular.ttf
/usr/bin/x2t/core-fonts/NotoSansBamum-Regular.ttf
/usr/bin/x2t/core-fonts/NotoSansBassaVah-Regular.ttf
/usr/bin/x2t/core-fonts/NotoSansBatak-Regular.ttf
/usr/bin/x2t/core-fonts/NotoSansBengali-Bold.ttf
/usr/bin/x2t/core-fonts/NotoSansBengali-Regular.ttf
/usr/bin/x2t/core-fonts/NotoSansBhaiksuki-Regular.ttf
/usr/bin/x2t/core-fonts/NotoSansBrahmi-Regular.ttf
/usr/bin/x2t/core-fonts/NotoSansBuginese-Regular.ttf
/usr/bin/x2t/core-fonts/NotoSansBuhid-Regular.ttf
/usr/bin/x2t/core-fonts/NotoSansCanadianAboriginal-Bold.ttf
/usr/bin/x2t/core-fonts/NotoSansCanadianAboriginal-Regular.ttf
/usr/bin/x2t/core-fonts/NotoSansCarian-Regular.ttf
/usr/bin/x2t/core-fonts/NotoSansCaucasianAlbanian-Regular.ttf
/usr/bin/x2t/core-fonts/NotoSansChakma-Regular.ttf
/usr/bin/x2t/core-fonts/NotoSansCham-Bold.ttf
/usr/bin/x2t/core-fonts/NotoSansCham-Regular.ttf
/usr/bin/x2t/core-fonts/NotoSansCherokee-Bold.ttf
/usr/bin/x2t/core-fonts/NotoSansCherokee-Regular.ttf
/usr/bin/x2t/core-fonts/NotoSansCoptic-Regular.ttf
/usr/bin/x2t/core-fonts/NotoSansCuneiform-Regular.ttf
/usr/bin/x2t/core-fonts/NotoSansCypriot-Regular.ttf
/usr/bin/x2t/core-fonts/NotoSansDeseret-Regular.ttf
/usr/bin/x2t/core-fonts/NotoSansDevanagari-Bold.ttf
/usr/bin/x2t/core-fonts/NotoSansDevanagari-Regular.ttf
/usr/bin/x2t/core-fonts/NotoSansDisplay-Bold.ttf
/usr/bin/x2t/core-fonts/NotoSansDisplay-BoldItalic.ttf
/usr/bin/x2t/core-fonts/NotoSansDisplay-Italic.ttf
/usr/bin/x2t/core-fonts/NotoSansDisplay-Regular.ttf
/usr/bin/x2t/core-fonts/NotoSansDuployan-Regular.ttf
/usr/bin/x2t/core-fonts/NotoSansEgyptianHieroglyphs-Regular.ttf
/usr/bin/x2t/core-fonts/NotoSansElbasan-Regular.ttf
/usr/bin/x2t/core-fonts/NotoSansEthiopic-Bold.ttf
/usr/bin/x2t/core-fonts/NotoSansEthiopic-Regular.ttf
/usr/bin/x2t/core-fonts/NotoSansGeorgian-Bold.ttf
/usr/bin/x2t/core-fonts/NotoSansGeorgian-Regular.ttf
/usr/bin/x2t/core-fonts/NotoSansGlagolitic-Regular.ttf
/usr/bin/x2t/core-fonts/NotoSansGothic-Regular.ttf
/usr/bin/x2t/core-fonts/NotoSansGrantha-Regular.ttf
/usr/bin/x2t/core-fonts/NotoSansGujarati-Bold.ttf
/usr/bin/x2t/core-fonts/NotoSansGujarati-Regular.ttf
/usr/bin/x2t/core-fonts/NotoSansGurmukhi-Bold.ttf
/usr/bin/x2t/core-fonts/NotoSansGurmukhi-Regular.ttf
/usr/bin/x2t/core-fonts/NotoSansHanifiRohingya-Regular.ttf
/usr/bin/x2t/core-fonts/NotoSansHanunoo-Regular.ttf
/usr/bin/x2t/core-fonts/NotoSansHatran-Regular.ttf
/usr/bin/x2t/core-fonts/NotoSansHebrew-Bold.ttf
/usr/bin/x2t/core-fonts/NotoSansHebrew-Regular.ttf
/usr/bin/x2t/core-fonts/NotoSansImperialAramaic-Regular.ttf
/usr/bin/x2t/core-fonts/NotoSansIndicSiyaqNumbers-Regular.ttf
/usr/bin/x2t/core-fonts/NotoSansInscriptionalPahlavi-Regular.ttf
/usr/bin/x2t/core-fonts/NotoSansInscriptionalParthian-Regular.ttf
/usr/bin/x2t/core-fonts/NotoSansJavanese-Bold.ttf
/usr/bin/x2t/core-fonts/NotoSansJavanese-Regular.ttf
/usr/bin/x2t/core-fonts/NotoSansKaithi-Regular.ttf
/usr/bin/x2t/core-fonts/NotoSansKannada-Bold.ttf
/usr/bin/x2t/core-fonts/NotoSansKannada-Regular.ttf
/usr/bin/x2t/core-fonts/NotoSansKayahLi-Regular.ttf
/usr/bin/x2t/core-fonts/NotoSansKharoshthi-Regular.ttf
/usr/bin/x2t/core-fonts/NotoSansKhmer-Bold.ttf
/usr/bin/x2t/core-fonts/NotoSansKhmer-Regular.ttf
/usr/bin/x2t/core-fonts/NotoSansKhojki-Regular.ttf
/usr/bin/x2t/core-fonts/NotoSansKhudawadi-Regular.ttf
/usr/bin/x2t/core-fonts/NotoSansLao-Bold.ttf
/usr/bin/x2t/core-fonts/NotoSansLao-Regular.ttf
/usr/bin/x2t/core-fonts/NotoSansLepcha-Regular.ttf
/usr/bin/x2t/core-fonts/NotoSansLimbu-Regular.ttf
/usr/bin/x2t/core-fonts/NotoSansLinearA-Regular.ttf
/usr/bin/x2t/core-fonts/NotoSansLinearB-Regular.ttf
/usr/bin/x2t/core-fonts/NotoSansLisu-Regular.ttf
/usr/bin/x2t/core-fonts/NotoSansLycian-Regular.ttf
/usr/bin/x2t/core-fonts/NotoSansLydian-Regular.ttf
/usr/bin/x2t/core-fonts/NotoSansMahajani-Regular.ttf
/usr/bin/x2t/core-fonts/NotoSansMalayalam-Bold.ttf
/usr/bin/x2t/core-fonts/NotoSansMalayalam-Regular.ttf
/usr/bin/x2t/core-fonts/NotoSansMandaic-Regular.ttf
/usr/bin/x2t/core-fonts/NotoSansManichaean-Regular.ttf
/usr/bin/x2t/core-fonts/NotoSansMarchen-Regular.ttf
/usr/bin/x2t/core-fonts/NotoSansMath-Regular.ttf
/usr/bin/x2t/core-fonts/NotoSansMayanNumerals-Regular.ttf
/usr/bin/x2t/core-fonts/NotoSansMeeteiMayek-Regular.ttf
/usr/bin/x2t/core-fonts/NotoSansMendeKikakui-Regular.ttf
/usr/bin/x2t/core-fonts/NotoSansMeroitic-Regular.ttf
/usr/bin/x2t/core-fonts/NotoSansMiao-Regular.ttf
/usr/bin/x2t/core-fonts/NotoSansModi-Regular.ttf
/usr/bin/x2t/core-fonts/NotoSansMongolian-Regular.ttf
/usr/bin/x2t/core-fonts/NotoSansMono-Bold.ttf
/usr/bin/x2t/core-fonts/NotoSansMono-Regular.ttf
/usr/bin/x2t/core-fonts/NotoSansMro-Regular.ttf
/usr/bin/x2t/core-fonts/NotoSansMultani-Regular.ttf
/usr/bin/x2t/core-fonts/NotoSansMyanmar-Bold.ttf
/usr/bin/x2t/core-fonts/NotoSansMyanmar-Regular.ttf
/usr/bin/x2t/core-fonts/NotoSansNKo-Regular.ttf
/usr/bin/x2t/core-fonts/NotoSansNabataean-Regular.ttf
/usr/bin/x2t/core-fonts/NotoSansNewTaiLue-Regular.ttf
/usr/bin/x2t/core-fonts/NotoSansNewa-Regular.ttf
/usr/bin/x2t/core-fonts/NotoSansOgham-Regular.ttf
/usr/bin/x2t/core-fonts/NotoSansOlChiki-Regular.ttf
/usr/bin/x2t/core-fonts/NotoSansOldHungarian-Regular.ttf
/usr/bin/x2t/core-fonts/NotoSansOldItalic-Regular.ttf
/usr/bin/x2t/core-fonts/NotoSansOldNorthArabian-Regular.ttf
/usr/bin/x2t/core-fonts/NotoSansOldPermic-Regular.ttf
/usr/bin/x2t/core-fonts/NotoSansOldPersian-Regular.ttf
/usr/bin/x2t/core-fonts/NotoSansOldSogdian-Regular.ttf
/usr/bin/x2t/core-fonts/NotoSansOldSouthArabian-Regular.ttf
/usr/bin/x2t/core-fonts/NotoSansOldTurkic-Regular.ttf
/usr/bin/x2t/core-fonts/NotoSansOriya-Bold.ttf
/usr/bin/x2t/core-fonts/NotoSansOriya-Regular.ttf
/usr/bin/x2t/core-fonts/NotoSansOsage-Regular.ttf
/usr/bin/x2t/core-fonts/NotoSansOsmanya-Regular.ttf
/usr/bin/x2t/core-fonts/NotoSansPahawhHmong-Regular.ttf
/usr/bin/x2t/core-fonts/NotoSansPalmyrene-Regular.ttf
/usr/bin/x2t/core-fonts/NotoSansPauCinHau-Regular.ttf
/usr/bin/x2t/core-fonts/NotoSansPhagsPa-Regular.ttf
/usr/bin/x2t/core-fonts/NotoSansPhoenician-Regular.ttf
/usr/bin/x2t/core-fonts/NotoSansPsalterPahlavi-Regular.ttf
/usr/bin/x2t/core-fonts/NotoSansRejang-Regular.ttf
/usr/bin/x2t/core-fonts/NotoSansRunic-Regular.ttf
/usr/bin/x2t/core-fonts/NotoSansSamaritan-Regular.ttf
/usr/bin/x2t/core-fonts/NotoSansSaurashtra-Regular.ttf
/usr/bin/x2t/core-fonts/NotoSansSharada-Regular.ttf
/usr/bin/x2t/core-fonts/NotoSansShavian-Regular.ttf
/usr/bin/x2t/core-fonts/NotoSansSiddham-Regular.ttf
/usr/bin/x2t/core-fonts/NotoSansSinhala-Bold.ttf
/usr/bin/x2t/core-fonts/NotoSansSinhala-Regular.ttf
/usr/bin/x2t/core-fonts/NotoSansSoraSompeng-Regular.ttf
/usr/bin/x2t/core-fonts/NotoSansSundanese-Regular.ttf
/usr/bin/x2t/core-fonts/NotoSansSylotiNagri-Regular.ttf
/usr/bin/x2t/core-fonts/NotoSansSymbols-Bold.ttf
/usr/bin/x2t/core-fonts/NotoSansSymbols-Regular.ttf
/usr/bin/x2t/core-fonts/NotoSansSymbols2-Regular.ttf
/usr/bin/x2t/core-fonts/NotoSansSyriac-Regular.ttf
/usr/bin/x2t/core-fonts/NotoSansTagalog-Regular.ttf
/usr/bin/x2t/core-fonts/NotoSansTagbanwa-Regular.ttf
/usr/bin/x2t/core-fonts/NotoSansTaiLe-Regular.ttf
/usr/bin/x2t/core-fonts/NotoSansTaiTham-Regular.ttf
/usr/bin/x2t/core-fonts/NotoSansTaiViet-Regular.ttf
/usr/bin/x2t/core-fonts/NotoSansTakri-Regular.ttf
/usr/bin/x2t/core-fonts/NotoSansTamil-Bold.ttf
/usr/bin/x2t/core-fonts/NotoSansTamil-Regular.ttf
/usr/bin/x2t/core-fonts/NotoSansTamilSupplement-Regular.ttf
/usr/bin/x2t/core-fonts/NotoSansTelugu-Bold.ttf
/usr/bin/x2t/core-fonts/NotoSansTelugu-Regular.ttf
/usr/bin/x2t/core-fonts/NotoSansThaana-Bold.ttf
/usr/bin/x2t/core-fonts/NotoSansThaana-Regular.ttf
/usr/bin/x2t/core-fonts/NotoSansThai-Bold.ttf
/usr/bin/x2t/core-fonts/NotoSansThai-Regular.ttf
/usr/bin/x2t/core-fonts/NotoSansTibetan-Bold.ttf
/usr/bin/x2t/core-fonts/NotoSansTibetan-Regular.ttf
/usr/bin/x2t/core-fonts/NotoSansTifinagh-Regular.ttf
/usr/bin/x2t/core-fonts/NotoSansTirhuta-Regular.ttf
/usr/bin/x2t/core-fonts/NotoSansUgaritic-Regular.ttf
/usr/bin/x2t/core-fonts/NotoSansVai-Regular.ttf
/usr/bin/x2t/core-fonts/NotoSansWarangCiti-Regular.ttf
/usr/bin/x2t/core-fonts/NotoSansYi-Regular.ttf
/usr/bin/x2t/core-fonts/NotoSerif-Bold.ttf
/usr/bin/x2t/core-fonts/NotoSerif-BoldItalic.ttf
/usr/bin/x2t/core-fonts/NotoSerif-Italic.ttf
/usr/bin/x2t/core-fonts/NotoSerif-Regular.ttf
/usr/bin/x2t/core-fonts/NotoSerifAhom-Regular.ttf
/usr/bin/x2t/core-fonts/NotoSerifArmenian-Bold.ttf
/usr/bin/x2t/core-fonts/NotoSerifArmenian-Regular.ttf
/usr/bin/x2t/core-fonts/NotoSerifBalinese-Regular.ttf
/usr/bin/x2t/core-fonts/NotoSerifBengali-Bold.ttf
/usr/bin/x2t/core-fonts/NotoSerifBengali-Regular.ttf
/usr/bin/x2t/core-fonts/NotoSerifDevanagari-Bold.ttf
/usr/bin/x2t/core-fonts/NotoSerifDevanagari-Regular.ttf
/usr/bin/x2t/core-fonts/NotoSerifDisplay-Bold.ttf
/usr/bin/x2t/core-fonts/NotoSerifDisplay-BoldItalic.ttf
/usr/bin/x2t/core-fonts/NotoSerifDisplay-Italic.ttf
/usr/bin/x2t/core-fonts/NotoSerifDisplay-Regular.ttf
/usr/bin/x2t/core-fonts/NotoSerifDogra-Regular.ttf
/usr/bin/x2t/core-fonts/NotoSerifEthiopic-Bold.ttf
/usr/bin/x2t/core-fonts/NotoSerifEthiopic-Regular.ttf
/usr/bin/x2t/core-fonts/NotoSerifGeorgian-Bold.ttf
/usr/bin/x2t/core-fonts/NotoSerifGeorgian-Regular.ttf
/usr/bin/x2t/core-fonts/NotoSerifGujarati-Bold.ttf
/usr/bin/x2t/core-fonts/NotoSerifGujarati-Regular.ttf
/usr/bin/x2t/core-fonts/NotoSerifGurmukhi-Bold.ttf
/usr/bin/x2t/core-fonts/NotoSerifGurmukhi-Regular.ttf
/usr/bin/x2t/core-fonts/NotoSerifHebrew-Bold.ttf
/usr/bin/x2t/core-fonts/NotoSerifHebrew-Regular.ttf
/usr/bin/x2t/core-fonts/NotoSerifKannada-Bold.ttf
/usr/bin/x2t/core-fonts/NotoSerifKannada-Regular.ttf
/usr/bin/x2t/core-fonts/NotoSerifKhmer-Bold.ttf
/usr/bin/x2t/core-fonts/NotoSerifKhmer-Regular.ttf
/usr/bin/x2t/core-fonts/NotoSerifLao-Bold.ttf
/usr/bin/x2t/core-fonts/NotoSerifLao-Regular.ttf
/usr/bin/x2t/core-fonts/NotoSerifMalayalam-Bold.ttf
/usr/bin/x2t/core-fonts/NotoSerifMalayalam-Regular.ttf
/usr/bin/x2t/core-fonts/NotoSerifMyanmar-Bold.ttf
/usr/bin/x2t/core-fonts/NotoSerifMyanmar-Regular.ttf
/usr/bin/x2t/core-fonts/NotoSerifSinhala-Bold.ttf
/usr/bin/x2t/core-fonts/NotoSerifSinhala-Regular.ttf
/usr/bin/x2t/core-fonts/NotoSerifTamil-Bold.ttf
/usr/bin/x2t/core-fonts/NotoSerifTamil-Regular.ttf
/usr/bin/x2t/core-fonts/NotoSerifTamilSlanted-Bold.ttf
/usr/bin/x2t/core-fonts/NotoSerifTamilSlanted-Regular.ttf
/usr/bin/x2t/core-fonts/NotoSerifTangut-Regular.ttf
/usr/bin/x2t/core-fonts/NotoSerifTelugu-Bold.ttf
/usr/bin/x2t/core-fonts/NotoSerifTelugu-Regular.ttf
/usr/bin/x2t/core-fonts/NotoSerifThai-Bold.ttf
/usr/bin/x2t/core-fonts/NotoSerifThai-Regular.ttf
/usr/bin/x2t/core-fonts/NotoSerifTibetan-Bold.ttf
/usr/bin/x2t/core-fonts/NotoSerifTibetan-Regular.ttf
/usr/bin/x2t/core-fonts/OpenSans-Bold.ttf
/usr/bin/x2t/core-fonts/OpenSans-BoldItalic.ttf
/usr/bin/x2t/core-fonts/OpenSans-CondBold.ttf
/usr/bin/x2t/core-fonts/OpenSans-CondLight.ttf
/usr/bin/x2t/core-fonts/OpenSans-CondLightItalic.ttf
/usr/bin/x2t/core-fonts/OpenSans-ExtraBold.ttf
/usr/bin/x2t/core-fonts/OpenSans-ExtraBoldItalic.ttf
/usr/bin/x2t/core-fonts/OpenSans-Italic.ttf
/usr/bin/x2t/core-fonts/OpenSans-Light.ttf
/usr/bin/x2t/core-fonts/OpenSans-LightItalic.ttf
/usr/bin/x2t/core-fonts/OpenSans-Regular.ttf
/usr/bin/x2t/core-fonts/OpenSans-Semibold.ttf
/usr/bin/x2t/core-fonts/OpenSans-SemiboldItalic.ttf
/usr/bin/x2t/core-fonts/SIMLI.TTF
/usr/bin/x2t/core-fonts/SIMYOU.TTF
/usr/bin/x2t/core-fonts/Symbola_hint.ttf
/usr/bin/x2t/core-fonts/Times_New_Roman.ttf
/usr/bin/x2t/core-fonts/Times_New_Roman_Bold.ttf
/usr/bin/x2t/core-fonts/Times_New_Roman_Bold_Italic.ttf
/usr/bin/x2t/core-fonts/Times_New_Roman_Italic.ttf
/usr/bin/x2t/core-fonts/Trebuchet_MS.ttf
/usr/bin/x2t/core-fonts/Trebuchet_MS_Bold.ttf
/usr/bin/x2t/core-fonts/Trebuchet_MS_Bold_Italic.ttf
/usr/bin/x2t/core-fonts/Trebuchet_MS_Italic.ttf
/usr/bin/x2t/core-fonts/Verdana.ttf
/usr/bin/x2t/core-fonts/Verdana_Bold.ttf
/usr/bin/x2t/core-fonts/Verdana_Bold_Italic.ttf
/usr/bin/x2t/core-fonts/Verdana_Italic.ttf
/usr/bin/x2t/core-fonts/WINGDNG2.TTF
/usr/bin/x2t/core-fonts/Webdings.ttf
/usr/bin/x2t/core-fonts/ariblk.ttf
/usr/bin/x2t/core-fonts/courbd.ttf
/usr/bin/x2t/core-fonts/courbi.ttf
/usr/bin/x2t/core-fonts/couri.ttf
/usr/bin/x2t/core-fonts/georgiaz.ttf
/usr/bin/x2t/core-fonts/micross.ttf
/usr/bin/x2t/core-fonts/msyh.ttc
/usr/bin/x2t/core-fonts/mtextra.ttf
/usr/bin/x2t/core-fonts/opens___.ttf
/usr/bin/x2t/core-fonts/simfang.ttf
/usr/bin/x2t/core-fonts/simhei.ttf
/usr/bin/x2t/core-fonts/simkai.ttf
/usr/bin/x2t/core-fonts/simsun.ttc
/usr/bin/x2t/core-fonts/times.ttf
/usr/bin/x2t/core-fonts/timesbd.ttf
/usr/bin/x2t/core-fonts/timesi.ttf
/usr/bin/x2t/core-fonts/trebucbd.ttf
/usr/bin/x2t/core-fonts/trebucbi.ttf
/usr/bin/x2t/core-fonts/verdana.ttf
/usr/bin/x2t/core-fonts/verdanai.ttf
/usr/bin/x2t/core-fonts/verdanaz.ttf
/usr/bin/x2t/core-fonts/webdings.ttf
/usr/bin/x2t/core-fonts/wingding.ttf
/usr/share/fonts/X11/Type1/C059-BdIta.pfb
/usr/share/fonts/X11/Type1/C059-Bold.pfb
/usr/share/fonts/X11/Type1/C059-Italic.pfb
/usr/share/fonts/X11/Type1/C059-Roman.pfb
/usr/share/fonts/X11/Type1/D050000L.pfb
/usr/share/fonts/X11/Type1/NimbusMonoPS-Bold.pfb
/usr/share/fonts/X11/Type1/NimbusMonoPS-BoldItalic.pfb
/usr/share/fonts/X11/Type1/NimbusMonoPS-Italic.pfb
/usr/share/fonts/X11/Type1/NimbusMonoPS-Regular.pfb
/usr/share/fonts/X11/Type1/NimbusRoman-Bold.pfb
/usr/share/fonts/X11/Type1/NimbusRoman-BoldItalic.pfb
/usr/share/fonts/X11/Type1/NimbusRoman-Italic.pfb
/usr/share/fonts/X11/Type1/NimbusRoman-Regular.pfb
/usr/share/fonts/X11/Type1/NimbusSans-Bold.pfb
/usr/share/fonts/X11/Type1/NimbusSans-BoldItalic.pfb
/usr/share/fonts/X11/Type1/NimbusSans-Italic.pfb
/usr/share/fonts/X11/Type1/NimbusSans-Regular.pfb
/usr/share/fonts/X11/Type1/NimbusSansNarrow-Bold.pfb
/usr/share/fonts/X11/Type1/NimbusSansNarrow-BoldOblique.pfb
/usr/share/fonts/X11/Type1/NimbusSansNarrow-Oblique.pfb
/usr/share/fonts/X11/Type1/NimbusSansNarrow-Regular.pfb
/usr/share/fonts/X11/Type1/P052-Bold.pfb
/usr/share/fonts/X11/Type1/P052-BoldItalic.pfb
/usr/share/fonts/X11/Type1/P052-Italic.pfb
/usr/share/fonts/X11/Type1/P052-Roman.pfb
/usr/share/fonts/X11/Type1/StandardSymbolsPS.pfb
/usr/share/fonts/X11/Type1/URWBookman-Demi.pfb
/usr/share/fonts/X11/Type1/URWBookman-DemiItalic.pfb
/usr/share/fonts/X11/Type1/URWBookman-Light.pfb
/usr/share/fonts/X11/Type1/URWBookman-LightItalic.pfb
/usr/share/fonts/X11/Type1/URWGothic-Book.pfb
/usr/share/fonts/X11/Type1/URWGothic-BookOblique.pfb
/usr/share/fonts/X11/Type1/URWGothic-Demi.pfb
/usr/share/fonts/X11/Type1/URWGothic-DemiOblique.pfb
/usr/share/fonts/X11/Type1/Z003-MediumItalic.pfb
/usr/share/fonts/X11/Type1/c0419bt_.afm
/usr/share/fonts/X11/Type1/c0419bt_.pfb
/usr/share/fonts/X11/Type1/c0582bt_.afm
/usr/share/fonts/X11/Type1/c0582bt_.pfb
/usr/share/fonts/X11/Type1/c0583bt_.afm
/usr/share/fonts/X11/Type1/c0583bt_.pfb
/usr/share/fonts/X11/Type1/c0611bt_.afm
/usr/share/fonts/X11/Type1/c0611bt_.pfb
/usr/share/fonts/X11/Type1/c0632bt_.afm
/usr/share/fonts/X11/Type1/c0632bt_.pfb
/usr/share/fonts/X11/Type1/c0633bt_.afm
/usr/share/fonts/X11/Type1/c0633bt_.pfb
/usr/share/fonts/X11/Type1/c0648bt_.afm
/usr/share/fonts/X11/Type1/c0648bt_.pfb
/usr/share/fonts/X11/Type1/c0649bt_.afm
/usr/share/fonts/X11/Type1/c0649bt_.pfb
/usr/share/fonts/X11/Type1/encodings.dir
/usr/share/fonts/X11/Type1/fonts.alias
/usr/share/fonts/X11/Type1/fonts.dir
/usr/share/fonts/X11/Type1/fonts.scale
/usr/share/fonts/X11/encodings/adobe-dingbats.enc.gz
/usr/share/fonts/X11/encodings/adobe-standard.enc.gz
/usr/share/fonts/X11/encodings/adobe-symbol.enc.gz
/usr/share/fonts/X11/encodings/armscii-8.enc.gz
/usr/share/fonts/X11/encodings/ascii-0.enc.gz
/usr/share/fonts/X11/encodings/dec-special.enc.gz
/usr/share/fonts/X11/encodings/encodings.dir
/usr/share/fonts/X11/encodings/ibm-cp437.enc.gz
/usr/share/fonts/X11/encodings/ibm-cp850.enc.gz
/usr/share/fonts/X11/encodings/ibm-cp852.enc.gz
/usr/share/fonts/X11/encodings/ibm-cp866.enc.gz
/usr/share/fonts/X11/encodings/iso8859-11.enc.gz
/usr/share/fonts/X11/encodings/iso8859-13.enc.gz
/usr/share/fonts/X11/encodings/iso8859-16.enc.gz
/usr/share/fonts/X11/encodings/iso8859-6.16.enc.gz
/usr/share/fonts/X11/encodings/iso8859-6.8x.enc.gz
/usr/share/fonts/X11/encodings/large/big5.eten-0.enc.gz
/usr/share/fonts/X11/encodings/large/big5hkscs-0.enc.gz
/usr/share/fonts/X11/encodings/large/cns11643-1.enc.gz
/usr/share/fonts/X11/encodings/large/cns11643-2.enc.gz
/usr/share/fonts/X11/encodings/large/cns11643-3.enc.gz
/usr/share/fonts/X11/encodings/large/encodings.dir
/usr/share/fonts/X11/encodings/large/gb18030-0.enc.gz
/usr/share/fonts/X11/encodings/large/gb18030.2000-0.enc.gz
/usr/share/fonts/X11/encodings/large/gb18030.2000-1.enc.gz
/usr/share/fonts/X11/encodings/large/gb2312.1980-0.enc.gz
/usr/share/fonts/X11/encodings/large/gbk-0.enc.gz
/usr/share/fonts/X11/encodings/large/jisx0201.1976-0.enc.gz
/usr/share/fonts/X11/encodings/large/jisx0208.1990-0.enc.gz
/usr/share/fonts/X11/encodings/large/jisx0212.1990-0.enc.gz
/usr/share/fonts/X11/encodings/large/ksc5601.1987-0.enc.gz
/usr/share/fonts/X11/encodings/large/ksc5601.1992-3.enc.gz
/usr/share/fonts/X11/encodings/large/sun.unicode.india-0.enc.gz
/usr/share/fonts/X11/encodings/microsoft-cp1250.enc.gz
/usr/share/fonts/X11/encodings/microsoft-cp1251.enc.gz
/usr/share/fonts/X11/encodings/microsoft-cp1252.enc.gz
/usr/share/fonts/X11/encodings/microsoft-cp1253.enc.gz
/usr/share/fonts/X11/encodings/microsoft-cp1254.enc.gz
/usr/share/fonts/X11/encodings/microsoft-cp1255.enc.gz
/usr/share/fonts/X11/encodings/microsoft-cp1256.enc.gz
/usr/share/fonts/X11/encodings/microsoft-cp1257.enc.gz
/usr/share/fonts/X11/encodings/microsoft-cp1258.enc.gz
/usr/share/fonts/X11/encodings/microsoft-win3.1.enc.gz
/usr/share/fonts/X11/encodings/mulearabic-0.enc.gz
/usr/share/fonts/X11/encodings/mulearabic-1.enc.gz
/usr/share/fonts/X11/encodings/mulearabic-2.enc.gz
/usr/share/fonts/X11/encodings/mulelao-1.enc.gz
/usr/share/fonts/X11/encodings/suneu-greek.enc.gz
/usr/share/fonts/X11/encodings/tcvn-0.enc.gz
/usr/share/fonts/X11/encodings/tis620-2.enc.gz
/usr/share/fonts/X11/encodings/viscii1.1-1.enc.gz
/usr/share/fonts/X11/misc/10x20-ISO8859-1.pcf.gz
/usr/share/fonts/X11/misc/10x20-ISO8859-10.pcf.gz
/usr/share/fonts/X11/misc/10x20-ISO8859-11.pcf.gz
/usr/share/fonts/X11/misc/10x20-ISO8859-13.pcf.gz
/usr/share/fonts/X11/misc/10x20-ISO8859-14.pcf.gz
/usr/share/fonts/X11/misc/10x20-ISO8859-15.pcf.gz
/usr/share/fonts/X11/misc/10x20-ISO8859-16.pcf.gz
/usr/share/fonts/X11/misc/10x20-ISO8859-2.pcf.gz
/usr/share/fonts/X11/misc/10x20-ISO8859-3.pcf.gz
/usr/share/fonts/X11/misc/10x20-ISO8859-4.pcf.gz
/usr/share/fonts/X11/misc/10x20-ISO8859-5.pcf.gz
/usr/share/fonts/X11/misc/10x20-ISO8859-7.pcf.gz
/usr/share/fonts/X11/misc/10x20-ISO8859-8.pcf.gz
/usr/share/fonts/X11/misc/10x20-ISO8859-9.pcf.gz
/usr/share/fonts/X11/misc/10x20-KOI8-R.pcf.gz
/usr/share/fonts/X11/misc/10x20.pcf.gz
/usr/share/fonts/X11/misc/12x13ja.pcf.gz
/usr/share/fonts/X11/misc/12x24.pcf.gz
/usr/share/fonts/X11/misc/12x24rk.pcf.gz
/usr/share/fonts/X11/misc/18x18ja.pcf.gz
/usr/share/fonts/X11/misc/18x18ko.pcf.gz
/usr/share/fonts/X11/misc/4x6-ISO8859-1.pcf.gz
/usr/share/fonts/X11/misc/4x6-ISO8859-10.pcf.gz
/usr/share/fonts/X11/misc/4x6-ISO8859-13.pcf.gz
/usr/share/fonts/X11/misc/4x6-ISO8859-14.pcf.gz
/usr/share/fonts/X11/misc/4x6-ISO8859-15.pcf.gz
/usr/share/fonts/X11/misc/4x6-ISO8859-16.pcf.gz
/usr/share/fonts/X11/misc/4x6-ISO8859-2.pcf.gz
/usr/share/fonts/X11/misc/4x6-ISO8859-3.pcf.gz
/usr/share/fonts/X11/misc/4x6-ISO8859-4.pcf.gz
/usr/share/fonts/X11/misc/4x6-ISO8859-5.pcf.gz
/usr/share/fonts/X11/misc/4x6-ISO8859-7.pcf.gz
/usr/share/fonts/X11/misc/4x6-ISO8859-8.pcf.gz
/usr/share/fonts/X11/misc/4x6-ISO8859-9.pcf.gz
/usr/share/fonts/X11/misc/4x6-KOI8-R.pcf.gz
/usr/share/fonts/X11/misc/4x6.pcf.gz
/usr/share/fonts/X11/misc/5x7-ISO8859-1.pcf.gz
/usr/share/fonts/X11/misc/5x7-ISO8859-10.pcf.gz
/usr/share/fonts/X11/misc/5x7-ISO8859-13.pcf.gz
/usr/share/fonts/X11/misc/5x7-ISO8859-14.pcf.gz
/usr/share/fonts/X11/misc/5x7-ISO8859-15.pcf.gz
/usr/share/fonts/X11/misc/5x7-ISO8859-16.pcf.gz
/usr/share/fonts/X11/misc/5x7-ISO8859-2.pcf.gz
/usr/share/fonts/X11/misc/5x7-ISO8859-3.pcf.gz
/usr/share/fonts/X11/misc/5x7-ISO8859-4.pcf.gz
/usr/share/fonts/X11/misc/5x7-ISO8859-5.pcf.gz
/usr/share/fonts/X11/misc/5x7-ISO8859-7.pcf.gz
/usr/share/fonts/X11/misc/5x7-ISO8859-8.pcf.gz
/usr/share/fonts/X11/misc/5x7-ISO8859-9.pcf.gz
/usr/share/fonts/X11/misc/5x7-KOI8-R.pcf.gz
/usr/share/fonts/X11/misc/5x7.pcf.gz
/usr/share/fonts/X11/misc/5x8-ISO8859-1.pcf.gz
/usr/share/fonts/X11/misc/5x8-ISO8859-10.pcf.gz
/usr/share/fonts/X11/misc/5x8-ISO8859-13.pcf.gz
/usr/share/fonts/X11/misc/5x8-ISO8859-14.pcf.gz
/usr/share/fonts/X11/misc/5x8-ISO8859-15.pcf.gz
/usr/share/fonts/X11/misc/5x8-ISO8859-16.pcf.gz
/usr/share/fonts/X11/misc/5x8-ISO8859-2.pcf.gz
/usr/share/fonts/X11/misc/5x8-ISO8859-3.pcf.gz
/usr/share/fonts/X11/misc/5x8-ISO8859-4.pcf.gz
/usr/share/fonts/X11/misc/5x8-ISO8859-5.pcf.gz
/usr/share/fonts/X11/misc/5x8-ISO8859-7.pcf.gz
/usr/share/fonts/X11/misc/5x8-ISO8859-8.pcf.gz
/usr/share/fonts/X11/misc/5x8-ISO8859-9.pcf.gz
/usr/share/fonts/X11/misc/5x8-KOI8-R.pcf.gz
/usr/share/fonts/X11/misc/5x8.pcf.gz
/usr/share/fonts/X11/misc/6x10-ISO8859-1.pcf.gz
/usr/share/fonts/X11/misc/6x10-ISO8859-10.pcf.gz
/usr/share/fonts/X11/misc/6x10-ISO8859-13.pcf.gz
/usr/share/fonts/X11/misc/6x10-ISO8859-14.pcf.gz
/usr/share/fonts/X11/misc/6x10-ISO8859-15.pcf.gz
/usr/share/fonts/X11/misc/6x10-ISO8859-16.pcf.gz
/usr/share/fonts/X11/misc/6x10-ISO8859-2.pcf.gz
/usr/share/fonts/X11/misc/6x10-ISO8859-3.pcf.gz
/usr/share/fonts/X11/misc/6x10-ISO8859-4.pcf.gz
/usr/share/fonts/X11/misc/6x10-ISO8859-5.pcf.gz
/usr/share/fonts/X11/misc/6x10-ISO8859-7.pcf.gz
/usr/share/fonts/X11/misc/6x10-ISO8859-8.pcf.gz
/usr/share/fonts/X11/misc/6x10-ISO8859-9.pcf.gz
/usr/share/fonts/X11/misc/6x10-KOI8-R.pcf.gz
/usr/share/fonts/X11/misc/6x10.pcf.gz
/usr/share/fonts/X11/misc/6x12-ISO8859-1.pcf.gz
/usr/share/fonts/X11/misc/6x12-ISO8859-10.pcf.gz
/usr/share/fonts/X11/misc/6x12-ISO8859-13.pcf.gz
/usr/share/fonts/X11/misc/6x12-ISO8859-14.pcf.gz
/usr/share/fonts/X11/misc/6x12-ISO8859-15.pcf.gz
/usr/share/fonts/X11/misc/6x12-ISO8859-16.pcf.gz
/usr/share/fonts/X11/misc/6x12-ISO8859-2.pcf.gz
/usr/share/fonts/X11/misc/6x12-ISO8859-3.pcf.gz
/usr/share/fonts/X11/misc/6x12-ISO8859-4.pcf.gz
/usr/share/fonts/X11/misc/6x12-ISO8859-5.pcf.gz
/usr/share/fonts/X11/misc/6x12-ISO8859-7.pcf.gz
/usr/share/fonts/X11/misc/6x12-ISO8859-8.pcf.gz
/usr/share/fonts/X11/misc/6x12-ISO8859-9.pcf.gz
/usr/share/fonts/X11/misc/6x12-KOI8-R.pcf.gz
/usr/share/fonts/X11/misc/6x12.pcf.gz
/usr/share/fonts/X11/misc/6x13-ISO8859-1.pcf.gz
/usr/share/fonts/X11/misc/6x13-ISO8859-10.pcf.gz
/usr/share/fonts/X11/misc/6x13-ISO8859-11.pcf.gz
/usr/share/fonts/X11/misc/6x13-ISO8859-13.pcf.gz
/usr/share/fonts/X11/misc/6x13-ISO8859-14.pcf.gz
/usr/share/fonts/X11/misc/6x13-ISO8859-15.pcf.gz
/usr/share/fonts/X11/misc/6x13-ISO8859-16.pcf.gz
/usr/share/fonts/X11/misc/6x13-ISO8859-2.pcf.gz
/usr/share/fonts/X11/misc/6x13-ISO8859-3.pcf.gz
/usr/share/fonts/X11/misc/6x13-ISO8859-4.pcf.gz
/usr/share/fonts/X11/misc/6x13-ISO8859-5.pcf.gz
/usr/share/fonts/X11/misc/6x13-ISO8859-7.pcf.gz
/usr/share/fonts/X11/misc/6x13-ISO8859-8.pcf.gz
/usr/share/fonts/X11/misc/6x13-ISO8859-9.pcf.gz
/usr/share/fonts/X11/misc/6x13-KOI8-R.pcf.gz
/usr/share/fonts/X11/misc/6x13.pcf.gz
/usr/share/fonts/X11/misc/6x13B-ISO8859-1.pcf.gz
/usr/share/fonts/X11/misc/6x13B-ISO8859-10.pcf.gz
/usr/share/fonts/X11/misc/6x13B-ISO8859-13.pcf.gz
/usr/share/fonts/X11/misc/6x13B-ISO8859-14.pcf.gz
/usr/share/fonts/X11/misc/6x13B-ISO8859-15.pcf.gz
/usr/share/fonts/X11/misc/6x13B-ISO8859-16.pcf.gz
/usr/share/fonts/X11/misc/6x13B-ISO8859-2.pcf.gz
/usr/share/fonts/X11/misc/6x13B-ISO8859-3.pcf.gz
/usr/share/fonts/X11/misc/6x13B-ISO8859-4.pcf.gz
/usr/share/fonts/X11/misc/6x13B-ISO8859-5.pcf.gz
/usr/share/fonts/X11/misc/6x13B-ISO8859-7.pcf.gz
/usr/share/fonts/X11/misc/6x13B-ISO8859-8.pcf.gz
/usr/share/fonts/X11/misc/6x13B-ISO8859-9.pcf.gz
/usr/share/fonts/X11/misc/6x13B.pcf.gz
/usr/share/fonts/X11/misc/6x13O-ISO8859-1.pcf.gz
/usr/share/fonts/X11/misc/6x13O-ISO8859-10.pcf.gz
/usr/share/fonts/X11/misc/6x13O-ISO8859-13.pcf.gz
/usr/share/fonts/X11/misc/6x13O-ISO8859-14.pcf.gz
/usr/share/fonts/X11/misc/6x13O-ISO8859-15.pcf.gz
/usr/share/fonts/X11/misc/6x13O-ISO8859-16.pcf.gz
/usr/share/fonts/X11/misc/6x13O-ISO8859-2.pcf.gz
/usr/share/fonts/X11/misc/6x13O-ISO8859-3.pcf.gz
/usr/share/fonts/X11/misc/6x13O-ISO8859-4.pcf.gz
/usr/share/fonts/X11/misc/6x13O-ISO8859-5.pcf.gz
/usr/share/fonts/X11/misc/6x13O-ISO8859-7.pcf.gz
/usr/share/fonts/X11/misc/6x13O-ISO8859-9.pcf.gz
/usr/share/fonts/X11/misc/6x13O.pcf.gz
/usr/share/fonts/X11/misc/6x9-ISO8859-1.pcf.gz
/usr/share/fonts/X11/misc/6x9-ISO8859-10.pcf.gz
/usr/share/fonts/X11/misc/6x9-ISO8859-13.pcf.gz
/usr/share/fonts/X11/misc/6x9-ISO8859-14.pcf.gz
/usr/share/fonts/X11/misc/6x9-ISO8859-15.pcf.gz
/usr/share/fonts/X11/misc/6x9-ISO8859-16.pcf.gz
/usr/share/fonts/X11/misc/6x9-ISO8859-2.pcf.gz
/usr/share/fonts/X11/misc/6x9-ISO8859-3.pcf.gz
/usr/share/fonts/X11/misc/6x9-ISO8859-4.pcf.gz
/usr/share/fonts/X11/misc/6x9-ISO8859-5.pcf.gz
/usr/share/fonts/X11/misc/6x9-ISO8859-7.pcf.gz
/usr/share/fonts/X11/misc/6x9-ISO8859-8.pcf.gz
/usr/share/fonts/X11/misc/6x9-ISO8859-9.pcf.gz
/usr/share/fonts/X11/misc/6x9-KOI8-R.pcf.gz
/usr/share/fonts/X11/misc/6x9.pcf.gz
/usr/share/fonts/X11/misc/7x13-ISO8859-1.pcf.gz
/usr/share/fonts/X11/misc/7x13-ISO8859-10.pcf.gz
/usr/share/fonts/X11/misc/7x13-ISO8859-11.pcf.gz
/usr/share/fonts/X11/misc/7x13-ISO8859-13.pcf.gz
/usr/share/fonts/X11/misc/7x13-ISO8859-14.pcf.gz
/usr/share/fonts/X11/misc/7x13-ISO8859-15.pcf.gz
/usr/share/fonts/X11/misc/7x13-ISO8859-16.pcf.gz
/usr/share/fonts/X11/misc/7x13-ISO8859-2.pcf.gz
/usr/share/fonts/X11/misc/7x13-ISO8859-3.pcf.gz
/usr/share/fonts/X11/misc/7x13-ISO8859-4.pcf.gz
/usr/share/fonts/X11/misc/7x13-ISO8859-5.pcf.gz
/usr/share/fonts/X11/misc/7x13-ISO8859-7.pcf.gz
/usr/share/fonts/X11/misc/7x13-ISO8859-8.pcf.gz
/usr/share/fonts/X11/misc/7x13-ISO8859-9.pcf.gz
/usr/share/fonts/X11/misc/7x13-KOI8-R.pcf.gz
/usr/share/fonts/X11/misc/7x13.pcf.gz
/usr/share/fonts/X11/misc/7x13B-ISO8859-1.pcf.gz
/usr/share/fonts/X11/misc/7x13B-ISO8859-10.pcf.gz
/usr/share/fonts/X11/misc/7x13B-ISO8859-11.pcf.gz
/usr/share/fonts/X11/misc/7x13B-ISO8859-13.pcf.gz
/usr/share/fonts/X11/misc/7x13B-ISO8859-14.pcf.gz
/usr/share/fonts/X11/misc/7x13B-ISO8859-15.pcf.gz
/usr/share/fonts/X11/misc/7x13B-ISO8859-16.pcf.gz
/usr/share/fonts/X11/misc/7x13B-ISO8859-2.pcf.gz
/usr/share/fonts/X11/misc/7x13B-ISO8859-3.pcf.gz
/usr/share/fonts/X11/misc/7x13B-ISO8859-4.pcf.gz
/usr/share/fonts/X11/misc/7x13B-ISO8859-5.pcf.gz
/usr/share/fonts/X11/misc/7x13B-ISO8859-7.pcf.gz
/usr/share/fonts/X11/misc/7x13B-ISO8859-8.pcf.gz
/usr/share/fonts/X11/misc/7x13B-ISO8859-9.pcf.gz
/usr/share/fonts/X11/misc/7x13B.pcf.gz
/usr/share/fonts/X11/misc/7x13O-ISO8859-1.pcf.gz
/usr/share/fonts/X11/misc/7x13O-ISO8859-10.pcf.gz
/usr/share/fonts/X11/misc/7x13O-ISO8859-11.pcf.gz
/usr/share/fonts/X11/misc/7x13O-ISO8859-13.pcf.gz
/usr/share/fonts/X11/misc/7x13O-ISO8859-14.pcf.gz
/usr/share/fonts/X11/misc/7x13O-ISO8859-15.pcf.gz
/usr/share/fonts/X11/misc/7x13O-ISO8859-16.pcf.gz
/usr/share/fonts/X11/misc/7x13O-ISO8859-2.pcf.gz
/usr/share/fonts/X11/misc/7x13O-ISO8859-3.pcf.gz
/usr/share/fonts/X11/misc/7x13O-ISO8859-4.pcf.gz
/usr/share/fonts/X11/misc/7x13O-ISO8859-5.pcf.gz
/usr/share/fonts/X11/misc/7x13O-ISO8859-7.pcf.gz
/usr/share/fonts/X11/misc/7x13O-ISO8859-9.pcf.gz
/usr/share/fonts/X11/misc/7x13O.pcf.gz
/usr/share/fonts/X11/misc/7x14-ISO8859-1.pcf.gz
/usr/share/fonts/X11/misc/7x14-ISO8859-10.pcf.gz
/usr/share/fonts/X11/misc/7x14-ISO8859-11.pcf.gz
/usr/share/fonts/X11/misc/7x14-ISO8859-13.pcf.gz
/usr/share/fonts/X11/misc/7x14-ISO8859-14.pcf.gz
/usr/share/fonts/X11/misc/7x14-ISO8859-15.pcf.gz
/usr/share/fonts/X11/misc/7x14-ISO8859-16.pcf.gz
/usr/share/fonts/X11/misc/7x14-ISO8859-2.pcf.gz
/usr/share/fonts/X11/misc/7x14-ISO8859-3.pcf.gz
/usr/share/fonts/X11/misc/7x14-ISO8859-4.pcf.gz
/usr/share/fonts/X11/misc/7x14-ISO8859-5.pcf.gz
/usr/share/fonts/X11/misc/7x14-ISO8859-7.pcf.gz
/usr/share/fonts/X11/misc/7x14-ISO8859-8.pcf.gz
/usr/share/fonts/X11/misc/7x14-ISO8859-9.pcf.gz
/usr/share/fonts/X11/misc/7x14-JISX0201.1976-0.pcf.gz
/usr/share/fonts/X11/misc/7x14-KOI8-R.pcf.gz
/usr/share/fonts/X11/misc/7x14.pcf.gz
/usr/share/fonts/X11/misc/7x14B-ISO8859-1.pcf.gz
/usr/share/fonts/X11/misc/7x14B-ISO8859-10.pcf.gz
/usr/share/fonts/X11/misc/7x14B-ISO8859-11.pcf.gz
/usr/share/fonts/X11/misc/7x14B-ISO8859-13.pcf.gz
/usr/share/fonts/X11/misc/7x14B-ISO8859-14.pcf.gz
/usr/share/fonts/X11/misc/7x14B-ISO8859-15.pcf.gz
/usr/share/fonts/X11/misc/7x14B-ISO8859-16.pcf.gz
/usr/share/fonts/X11/misc/7x14B-ISO8859-2.pcf.gz
/usr/share/fonts/X11/misc/7x14B-ISO8859-3.pcf.gz
/usr/share/fonts/X11/misc/7x14B-ISO8859-4.pcf.gz
/usr/share/fonts/X11/misc/7x14B-ISO8859-5.pcf.gz
/usr/share/fonts/X11/misc/7x14B-ISO8859-7.pcf.gz
/usr/share/fonts/X11/misc/7x14B-ISO8859-8.pcf.gz
/usr/share/fonts/X11/misc/7x14B-ISO8859-9.pcf.gz
/usr/share/fonts/X11/misc/7x14B.pcf.gz
/usr/share/fonts/X11/misc/8x13-ISO8859-1.pcf.gz
/usr/share/fonts/X11/misc/8x13-ISO8859-10.pcf.gz
/usr/share/fonts/X11/misc/8x13-ISO8859-13.pcf.gz
/usr/share/fonts/X11/misc/8x13-ISO8859-14.pcf.gz
/usr/share/fonts/X11/misc/8x13-ISO8859-15.pcf.gz
/usr/share/fonts/X11/misc/8x13-ISO8859-16.pcf.gz
/usr/share/fonts/X11/misc/8x13-ISO8859-2.pcf.gz
/usr/share/fonts/X11/misc/8x13-ISO8859-3.pcf.gz
/usr/share/fonts/X11/misc/8x13-ISO8859-4.pcf.gz
/usr/share/fonts/X11/misc/8x13-ISO8859-5.pcf.gz
/usr/share/fonts/X11/misc/8x13-ISO8859-7.pcf.gz
/usr/share/fonts/X11/misc/8x13-ISO8859-8.pcf.gz
/usr/share/fonts/X11/misc/8x13-ISO8859-9.pcf.gz
/usr/share/fonts/X11/misc/8x13-KOI8-R.pcf.gz
/usr/share/fonts/X11/misc/8x13.pcf.gz
/usr/share/fonts/X11/misc/8x13B-ISO8859-1.pcf.gz
/usr/share/fonts/X11/misc/8x13B-ISO8859-10.pcf.gz
/usr/share/fonts/X11/misc/8x13B-ISO8859-13.pcf.gz
/usr/share/fonts/X11/misc/8x13B-ISO8859-14.pcf.gz
/usr/share/fonts/X11/misc/8x13B-ISO8859-15.pcf.gz
/usr/share/fonts/X11/misc/8x13B-ISO8859-16.pcf.gz
/usr/share/fonts/X11/misc/8x13B-ISO8859-2.pcf.gz
/usr/share/fonts/X11/misc/8x13B-ISO8859-3.pcf.gz
/usr/share/fonts/X11/misc/8x13B-ISO8859-4.pcf.gz
/usr/share/fonts/X11/misc/8x13B-ISO8859-5.pcf.gz
/usr/share/fonts/X11/misc/8x13B-ISO8859-7.pcf.gz
/usr/share/fonts/X11/misc/8x13B-ISO8859-8.pcf.gz
/usr/share/fonts/X11/misc/8x13B-ISO8859-9.pcf.gz
/usr/share/fonts/X11/misc/8x13B.pcf.gz
/usr/share/fonts/X11/misc/8x13O-ISO8859-1.pcf.gz
/usr/share/fonts/X11/misc/8x13O-ISO8859-10.pcf.gz
/usr/share/fonts/X11/misc/8x13O-ISO8859-13.pcf.gz
/usr/share/fonts/X11/misc/8x13O-ISO8859-14.pcf.gz
/usr/share/fonts/X11/misc/8x13O-ISO8859-15.pcf.gz
/usr/share/fonts/X11/misc/8x13O-ISO8859-16.pcf.gz
/usr/share/fonts/X11/misc/8x13O-ISO8859-2.pcf.gz
/usr/share/fonts/X11/misc/8x13O-ISO8859-3.pcf.gz
/usr/share/fonts/X11/misc/8x13O-ISO8859-4.pcf.gz
/usr/share/fonts/X11/misc/8x13O-ISO8859-5.pcf.gz
/usr/share/fonts/X11/misc/8x13O-ISO8859-7.pcf.gz
/usr/share/fonts/X11/misc/8x13O-ISO8859-9.pcf.gz
/usr/share/fonts/X11/misc/8x13O.pcf.gz
/usr/share/fonts/X11/misc/8x16.pcf.gz
/usr/share/fonts/X11/misc/8x16rk.pcf.gz
/usr/share/fonts/X11/misc/9x15-ISO8859-1.pcf.gz
/usr/share/fonts/X11/misc/9x15-ISO8859-10.pcf.gz
/usr/share/fonts/X11/misc/9x15-ISO8859-11.pcf.gz
/usr/share/fonts/X11/misc/9x15-ISO8859-13.pcf.gz
/usr/share/fonts/X11/misc/9x15-ISO8859-14.pcf.gz
/usr/share/fonts/X11/misc/9x15-ISO8859-15.pcf.gz
/usr/share/fonts/X11/misc/9x15-ISO8859-16.pcf.gz
/usr/share/fonts/X11/misc/9x15-ISO8859-2.pcf.gz
/usr/share/fonts/X11/misc/9x15-ISO8859-3.pcf.gz
/usr/share/fonts/X11/misc/9x15-ISO8859-4.pcf.gz
/usr/share/fonts/X11/misc/9x15-ISO8859-5.pcf.gz
/usr/share/fonts/X11/misc/9x15-ISO8859-7.pcf.gz
/usr/share/fonts/X11/misc/9x15-ISO8859-8.pcf.gz
/usr/share/fonts/X11/misc/9x15-ISO8859-9.pcf.gz
/usr/share/fonts/X11/misc/9x15-KOI8-R.pcf.gz
/usr/share/fonts/X11/misc/9x15.pcf.gz
/usr/share/fonts/X11/misc/9x15B-ISO8859-1.pcf.gz
/usr/share/fonts/X11/misc/9x15B-ISO8859-10.pcf.gz
/usr/share/fonts/X11/misc/9x15B-ISO8859-11.pcf.gz
/usr/share/fonts/X11/misc/9x15B-ISO8859-13.pcf.gz
/usr/share/fonts/X11/misc/9x15B-ISO8859-14.pcf.gz
/usr/share/fonts/X11/misc/9x15B-ISO8859-15.pcf.gz
/usr/share/fonts/X11/misc/9x15B-ISO8859-16.pcf.gz
/usr/share/fonts/X11/misc/9x15B-ISO8859-2.pcf.gz
/usr/share/fonts/X11/misc/9x15B-ISO8859-3.pcf.gz
/usr/share/fonts/X11/misc/9x15B-ISO8859-4.pcf.gz
/usr/share/fonts/X11/misc/9x15B-ISO8859-5.pcf.gz
/usr/share/fonts/X11/misc/9x15B-ISO8859-7.pcf.gz
/usr/share/fonts/X11/misc/9x15B-ISO8859-8.pcf.gz
/usr/share/fonts/X11/misc/9x15B-ISO8859-9.pcf.gz
/usr/share/fonts/X11/misc/9x15B.pcf.gz
/usr/share/fonts/X11/misc/9x18-ISO8859-1.pcf.gz
/usr/share/fonts/X11/misc/9x18-ISO8859-10.pcf.gz
/usr/share/fonts/X11/misc/9x18-ISO8859-11.pcf.gz
/usr/share/fonts/X11/misc/9x18-ISO8859-13.pcf.gz
/usr/share/fonts/X11/misc/9x18-ISO8859-14.pcf.gz
/usr/share/fonts/X11/misc/9x18-ISO8859-15.pcf.gz
/usr/share/fonts/X11/misc/9x18-ISO8859-16.pcf.gz
/usr/share/fonts/X11/misc/9x18-ISO8859-2.pcf.gz
/usr/share/fonts/X11/misc/9x18-ISO8859-3.pcf.gz
/usr/share/fonts/X11/misc/9x18-ISO8859-4.pcf.gz
/usr/share/fonts/X11/misc/9x18-ISO8859-5.pcf.gz
/usr/share/fonts/X11/misc/9x18-ISO8859-7.pcf.gz
/usr/share/fonts/X11/misc/9x18-ISO8859-8.pcf.gz
/usr/share/fonts/X11/misc/9x18-ISO8859-9.pcf.gz
/usr/share/fonts/X11/misc/9x18-KOI8-R.pcf.gz
/usr/share/fonts/X11/misc/9x18.pcf.gz
/usr/share/fonts/X11/misc/9x18B-ISO8859-1.pcf.gz
/usr/share/fonts/X11/misc/9x18B-ISO8859-10.pcf.gz
/usr/share/fonts/X11/misc/9x18B-ISO8859-13.pcf.gz
/usr/share/fonts/X11/misc/9x18B-ISO8859-14.pcf.gz
/usr/share/fonts/X11/misc/9x18B-ISO8859-15.pcf.gz
/usr/share/fonts/X11/misc/9x18B-ISO8859-16.pcf.gz
/usr/share/fonts/X11/misc/9x18B-ISO8859-2.pcf.gz
/usr/share/fonts/X11/misc/9x18B-ISO8859-3.pcf.gz
/usr/share/fonts/X11/misc/9x18B-ISO8859-4.pcf.gz
/usr/share/fonts/X11/misc/9x18B-ISO8859-5.pcf.gz
/usr/share/fonts/X11/misc/9x18B-ISO8859-7.pcf.gz
/usr/share/fonts/X11/misc/9x18B-ISO8859-8.pcf.gz
/usr/share/fonts/X11/misc/9x18B-ISO8859-9.pcf.gz
/usr/share/fonts/X11/misc/9x18B.pcf.gz
/usr/share/fonts/X11/misc/arabic24.pcf.gz
/usr/share/fonts/X11/misc/clB6x10.pcf.gz
/usr/share/fonts/X11/misc/clB6x12.pcf.gz
/usr/share/fonts/X11/misc/clB8x10.pcf.gz
/usr/share/fonts/X11/misc/clB8x12.pcf.gz
/usr/share/fonts/X11/misc/clB8x13.pcf.gz
/usr/share/fonts/X11/misc/clB8x14.pcf.gz
/usr/share/fonts/X11/misc/clB8x16.pcf.gz
/usr/share/fonts/X11/misc/clB8x8.pcf.gz
/usr/share/fonts/X11/misc/clB9x15.pcf.gz
/usr/share/fonts/X11/misc/clI6x12.pcf.gz
/usr/share/fonts/X11/misc/clI8x8.pcf.gz
/usr/share/fonts/X11/misc/clR4x6.pcf.gz
/usr/share/fonts/X11/misc/clR5x10.pcf.gz
/usr/share/fonts/X11/misc/clR5x6.pcf.gz
/usr/share/fonts/X11/misc/clR5x8.pcf.gz
/usr/share/fonts/X11/misc/clR6x10.pcf.gz
/usr/share/fonts/X11/misc/clR6x12-ISO8859-1.pcf.gz
/usr/share/fonts/X11/misc/clR6x12-ISO8859-10.pcf.gz
/usr/share/fonts/X11/misc/clR6x12-ISO8859-13.pcf.gz
/usr/share/fonts/X11/misc/clR6x12-ISO8859-14.pcf.gz
/usr/share/fonts/X11/misc/clR6x12-ISO8859-15.pcf.gz
/usr/share/fonts/X11/misc/clR6x12-ISO8859-16.pcf.gz
/usr/share/fonts/X11/misc/clR6x12-ISO8859-2.pcf.gz
/usr/share/fonts/X11/misc/clR6x12-ISO8859-3.pcf.gz
/usr/share/fonts/X11/misc/clR6x12-ISO8859-4.pcf.gz
/usr/share/fonts/X11/misc/clR6x12-ISO8859-5.pcf.gz
/usr/share/fonts/X11/misc/clR6x12-ISO8859-7.pcf.gz
/usr/share/fonts/X11/misc/clR6x12-ISO8859-8.pcf.gz
/usr/share/fonts/X11/misc/clR6x12-ISO8859-9.pcf.gz
/usr/share/fonts/X11/misc/clR6x12-KOI8-R.pcf.gz
/usr/share/fonts/X11/misc/clR6x12.pcf.gz
/usr/share/fonts/X11/misc/clR6x13.pcf.gz
/usr/share/fonts/X11/misc/clR6x6.pcf.gz
/usr/share/fonts/X11/misc/clR6x8.pcf.gz
/usr/share/fonts/X11/misc/clR7x10.pcf.gz
/usr/share/fonts/X11/misc/clR7x12.pcf.gz
/usr/share/fonts/X11/misc/clR7x14.pcf.gz
/usr/share/fonts/X11/misc/clR7x8.pcf.gz
/usr/share/fonts/X11/misc/clR8x10.pcf.gz
/usr/share/fonts/X11/misc/clR8x12.pcf.gz
/usr/share/fonts/X11/misc/clR8x13.pcf.gz
/usr/share/fonts/X11/misc/clR8x14.pcf.gz
/usr/share/fonts/X11/misc/clR8x16.pcf.gz
/usr/share/fonts/X11/misc/clR8x8.pcf.gz
/usr/share/fonts/X11/misc/clR9x15.pcf.gz
/usr/share/fonts/X11/misc/cu-alt12.pcf.gz
/usr/share/fonts/X11/misc/cu-arabic12.pcf.gz
/usr/share/fonts/X11/misc/cu-devnag12.pcf.gz
/usr/share/fonts/X11/misc/cu-lig12.pcf.gz
/usr/share/fonts/X11/misc/cu-pua12.pcf.gz
/usr/share/fonts/X11/misc/cu12.pcf.gz
/usr/share/fonts/X11/misc/cuarabic12.pcf.gz
/usr/share/fonts/X11/misc/cudevnag12.pcf.gz
/usr/share/fonts/X11/misc/cursor.pcf.gz
/usr/share/fonts/X11/misc/deccurs.pcf.gz
/usr/share/fonts/X11/misc/decsess.pcf.gz
/usr/share/fonts/X11/misc/encodings.dir
/usr/share/fonts/X11/misc/fonts.alias
/usr/share/fonts/X11/misc/fonts.dir
/usr/share/fonts/X11/misc/gb16fs.pcf.gz
/usr/share/fonts/X11/misc/gb16st.pcf.gz
/usr/share/fonts/X11/misc/gb24st.pcf.gz
/usr/share/fonts/X11/misc/hanglg16.pcf.gz
/usr/share/fonts/X11/misc/hanglm16.pcf.gz
/usr/share/fonts/X11/misc/hanglm24.pcf.gz
/usr/share/fonts/X11/misc/jiskan16.pcf.gz
/usr/share/fonts/X11/misc/jiskan24.pcf.gz
/usr/share/fonts/X11/misc/k14.pcf.gz
/usr/share/fonts/X11/misc/micro.pcf.gz
/usr/share/fonts/X11/misc/nil2.pcf.gz
/usr/share/fonts/X11/misc/olcursor.pcf.gz
/usr/share/fonts/X11/misc/olgl10.pcf.gz
/usr/share/fonts/X11/misc/olgl12.pcf.gz
/usr/share/fonts/X11/misc/olgl14.pcf.gz
/usr/share/fonts/X11/misc/olgl19.pcf.gz
/usr/share/fonts/X11/util/map-ISO8859-1
/usr/share/fonts/X11/util/map-ISO8859-10
/usr/share/fonts/X11/util/map-ISO8859-11
/usr/share/fonts/X11/util/map-ISO8859-13
/usr/share/fonts/X11/util/map-ISO8859-14
/usr/share/fonts/X11/util/map-ISO8859-15
/usr/share/fonts/X11/util/map-ISO8859-16
/usr/share/fonts/X11/util/map-ISO8859-2
/usr/share/fonts/X11/util/map-ISO8859-3
/usr/share/fonts/X11/util/map-ISO8859-4
/usr/share/fonts/X11/util/map-ISO8859-5
/usr/share/fonts/X11/util/map-ISO8859-6
/usr/share/fonts/X11/util/map-ISO8859-7
/usr/share/fonts/X11/util/map-ISO8859-8
/usr/share/fonts/X11/util/map-ISO8859-9
/usr/share/fonts/X11/util/map-JISX0201.1976-0
/usr/share/fonts/X11/util/map-KOI8-R
/usr/share/fonts/opentype/noto/NotoSansCJK-Bold.ttc
/usr/share/fonts/opentype/noto/NotoSansCJK-Regular.ttc
/usr/share/fonts/opentype/noto/NotoSerifCJK-Bold.ttc
/usr/share/fonts/opentype/noto/NotoSerifCJK-Regular.ttc
/usr/share/fonts/opentype/urw-base35/C059-BdIta.otf
/usr/share/fonts/opentype/urw-base35/C059-Bold.otf
/usr/share/fonts/opentype/urw-base35/C059-Italic.otf
/usr/share/fonts/opentype/urw-base35/C059-Roman.otf
/usr/share/fonts/opentype/urw-base35/D050000L.otf
/usr/share/fonts/opentype/urw-base35/NimbusMonoPS-Bold.otf
/usr/share/fonts/opentype/urw-base35/NimbusMonoPS-BoldItalic.otf
/usr/share/fonts/opentype/urw-base35/NimbusMonoPS-Italic.otf
/usr/share/fonts/opentype/urw-base35/NimbusMonoPS-Regular.otf
/usr/share/fonts/opentype/urw-base35/NimbusRoman-Bold.otf
/usr/share/fonts/opentype/urw-base35/NimbusRoman-BoldItalic.otf
/usr/share/fonts/opentype/urw-base35/NimbusRoman-Italic.otf
/usr/share/fonts/opentype/urw-base35/NimbusRoman-Regular.otf
/usr/share/fonts/opentype/urw-base35/NimbusSans-Bold.otf
/usr/share/fonts/opentype/urw-base35/NimbusSans-BoldItalic.otf
/usr/share/fonts/opentype/urw-base35/NimbusSans-Italic.otf
/usr/share/fonts/opentype/urw-base35/NimbusSans-Regular.otf
/usr/share/fonts/opentype/urw-base35/NimbusSansNarrow-Bold.otf
/usr/share/fonts/opentype/urw-base35/NimbusSansNarrow-BoldOblique.otf
/usr/share/fonts/opentype/urw-base35/NimbusSansNarrow-Oblique.otf
/usr/share/fonts/opentype/urw-base35/NimbusSansNarrow-Regular.otf
/usr/share/fonts/opentype/urw-base35/P052-Bold.otf
/usr/share/fonts/opentype/urw-base35/P052-BoldItalic.otf
/usr/share/fonts/opentype/urw-base35/P052-Italic.otf
/usr/share/fonts/opentype/urw-base35/P052-Roman.otf
/usr/share/fonts/opentype/urw-base35/StandardSymbolsPS.otf
/usr/share/fonts/opentype/urw-base35/URWBookman-Demi.otf
/usr/share/fonts/opentype/urw-base35/URWBookman-DemiItalic.otf
/usr/share/fonts/opentype/urw-base35/URWBookman-Light.otf
/usr/share/fonts/opentype/urw-base35/URWBookman-LightItalic.otf
/usr/share/fonts/opentype/urw-base35/URWGothic-Book.otf
/usr/share/fonts/opentype/urw-base35/URWGothic-BookOblique.otf
/usr/share/fonts/opentype/urw-base35/URWGothic-Demi.otf
/usr/share/fonts/opentype/urw-base35/URWGothic-DemiOblique.otf
/usr/share/fonts/opentype/urw-base35/Z003-MediumItalic.otf
/usr/share/fonts/truetype/ancient-scripts/Symbola_hint.ttf
/usr/share/fonts/truetype/crosextra/Carlito-Bold.ttf
/usr/share/fonts/truetype/crosextra/Carlito-BoldItalic.ttf
/usr/share/fonts/truetype/crosextra/Carlito-Italic.ttf
/usr/share/fonts/truetype/crosextra/Carlito-Regular.ttf
/usr/share/fonts/truetype/dejavu/DejaVuMathTeXGyre.ttf
/usr/share/fonts/truetype/dejavu/DejaVuSans-Bold.ttf
/usr/share/fonts/truetype/dejavu/DejaVuSans-BoldOblique.ttf
/usr/share/fonts/truetype/dejavu/DejaVuSans-ExtraLight.ttf
/usr/share/fonts/truetype/dejavu/DejaVuSans-Oblique.ttf
/usr/share/fonts/truetype/dejavu/DejaVuSans.ttf
/usr/share/fonts/truetype/dejavu/DejaVuSansCondensed-Bold.ttf
/usr/share/fonts/truetype/dejavu/DejaVuSansCondensed-BoldOblique.ttf
/usr/share/fonts/truetype/dejavu/DejaVuSansCondensed-Oblique.ttf
/usr/share/fonts/truetype/dejavu/DejaVuSansCondensed.ttf
/usr/share/fonts/truetype/dejavu/DejaVuSansMono-Bold.ttf
/usr/share/fonts/truetype/dejavu/DejaVuSansMono-BoldOblique.ttf
/usr/share/fonts/truetype/dejavu/DejaVuSansMono-Oblique.ttf
/usr/share/fonts/truetype/dejavu/DejaVuSansMono.ttf
/usr/share/fonts/truetype/dejavu/DejaVuSerif-Bold.ttf
/usr/share/fonts/truetype/dejavu/DejaVuSerif-BoldItalic.ttf
/usr/share/fonts/truetype/dejavu/DejaVuSerif-Italic.ttf
/usr/share/fonts/truetype/dejavu/DejaVuSerif.ttf
/usr/share/fonts/truetype/dejavu/DejaVuSerifCondensed-Bold.ttf
/usr/share/fonts/truetype/dejavu/DejaVuSerifCondensed-BoldItalic.ttf
/usr/share/fonts/truetype/dejavu/DejaVuSerifCondensed-Italic.ttf
/usr/share/fonts/truetype/dejavu/DejaVuSerifCondensed.ttf
/usr/share/fonts/truetype/droid/DroidSansFallbackFull.ttf
/usr/share/fonts/truetype/freefont/FreeMono.ttf
/usr/share/fonts/truetype/freefont/FreeMonoBold.ttf
/usr/share/fonts/truetype/freefont/FreeMonoBoldOblique.ttf
/usr/share/fonts/truetype/freefont/FreeMonoOblique.ttf
/usr/share/fonts/truetype/freefont/FreeSans.ttf
/usr/share/fonts/truetype/freefont/FreeSansBold.ttf
/usr/share/fonts/truetype/freefont/FreeSansBoldOblique.ttf
/usr/share/fonts/truetype/freefont/FreeSansOblique.ttf
/usr/share/fonts/truetype/freefont/FreeSerif.ttf
/usr/share/fonts/truetype/freefont/FreeSerifBold.ttf
/usr/share/fonts/truetype/freefont/FreeSerifBoldItalic.ttf
/usr/share/fonts/truetype/freefont/FreeSerifItalic.ttf
/usr/share/fonts/truetype/lato/Lato-Black.ttf
/usr/share/fonts/truetype/lato/Lato-BlackItalic.ttf
/usr/share/fonts/truetype/lato/Lato-Bold.ttf
/usr/share/fonts/truetype/lato/Lato-BoldItalic.ttf
/usr/share/fonts/truetype/lato/Lato-Hairline.ttf
/usr/share/fonts/truetype/lato/Lato-HairlineItalic.ttf
/usr/share/fonts/truetype/lato/Lato-Heavy.ttf
/usr/share/fonts/truetype/lato/Lato-HeavyItalic.ttf
/usr/share/fonts/truetype/lato/Lato-Italic.ttf
/usr/share/fonts/truetype/lato/Lato-Light.ttf
/usr/share/fonts/truetype/lato/Lato-LightItalic.ttf
/usr/share/fonts/truetype/lato/Lato-Medium.ttf
/usr/share/fonts/truetype/lato/Lato-MediumItalic.ttf
/usr/share/fonts/truetype/lato/Lato-Regular.ttf
/usr/share/fonts/truetype/lato/Lato-Semibold.ttf
/usr/share/fonts/truetype/lato/Lato-SemiboldItalic.ttf
/usr/share/fonts/truetype/lato/Lato-Thin.ttf
/usr/share/fonts/truetype/lato/Lato-ThinItalic.ttf
/usr/share/fonts/truetype/liberation/LiberationMono-Bold.ttf
/usr/share/fonts/truetype/liberation/LiberationMono-BoldItalic.ttf
/usr/share/fonts/truetype/liberation/LiberationMono-Italic.ttf
/usr/share/fonts/truetype/liberation/LiberationMono-Regular.ttf
/usr/share/fonts/truetype/liberation/LiberationSans-Bold.ttf
/usr/share/fonts/truetype/liberation/LiberationSans-BoldItalic.ttf
/usr/share/fonts/truetype/liberation/LiberationSans-Italic.ttf
/usr/share/fonts/truetype/liberation/LiberationSans-Regular.ttf
/usr/share/fonts/truetype/liberation/LiberationSansNarrow-Bold.ttf
/usr/share/fonts/truetype/liberation/LiberationSansNarrow-BoldItalic.ttf
/usr/share/fonts/truetype/liberation/LiberationSansNarrow-Italic.ttf
/usr/share/fonts/truetype/liberation/LiberationSansNarrow-Regular.ttf
/usr/share/fonts/truetype/liberation/LiberationSerif-Bold.ttf
/usr/share/fonts/truetype/liberation/LiberationSerif-BoldItalic.ttf
/usr/share/fonts/truetype/liberation/LiberationSerif-Italic.ttf
/usr/share/fonts/truetype/liberation/LiberationSerif-Regular.ttf
/usr/share/fonts/truetype/libreoffice/opens___.ttf
/usr/share/fonts/truetype/lyx/cmex10.ttf
/usr/share/fonts/truetype/lyx/cmmi10.ttf
/usr/share/fonts/truetype/lyx/cmr10.ttf
/usr/share/fonts/truetype/lyx/cmsy10.ttf
/usr/share/fonts/truetype/lyx/dsrom10.ttf
/usr/share/fonts/truetype/lyx/esint10.ttf
/usr/share/fonts/truetype/lyx/eufm10.ttf
/usr/share/fonts/truetype/lyx/msam10.ttf
/usr/share/fonts/truetype/lyx/msbm10.ttf
/usr/share/fonts/truetype/lyx/rsfs10.ttf
/usr/share/fonts/truetype/lyx/stmary10.ttf
/usr/share/fonts/truetype/lyx/wasy10.ttf
/usr/share/fonts/truetype/msttcorefonts/Andale_Mono.ttf
/usr/share/fonts/truetype/msttcorefonts/Arial.ttf
/usr/share/fonts/truetype/msttcorefonts/Arial_Black.ttf
/usr/share/fonts/truetype/msttcorefonts/Arial_Bold.ttf
/usr/share/fonts/truetype/msttcorefonts/Arial_Bold_Italic.ttf
/usr/share/fonts/truetype/msttcorefonts/Arial_Italic.ttf
/usr/share/fonts/truetype/msttcorefonts/Comic_Sans_MS.ttf
/usr/share/fonts/truetype/msttcorefonts/Comic_Sans_MS_Bold.ttf
/usr/share/fonts/truetype/msttcorefonts/Courier_New.ttf
/usr/share/fonts/truetype/msttcorefonts/Courier_New_Bold.ttf
/usr/share/fonts/truetype/msttcorefonts/Courier_New_Bold_Italic.ttf
/usr/share/fonts/truetype/msttcorefonts/Courier_New_Italic.ttf
/usr/share/fonts/truetype/msttcorefonts/Georgia.ttf
/usr/share/fonts/truetype/msttcorefonts/Georgia_Bold.ttf
/usr/share/fonts/truetype/msttcorefonts/Georgia_Bold_Italic.ttf
/usr/share/fonts/truetype/msttcorefonts/Georgia_Italic.ttf
/usr/share/fonts/truetype/msttcorefonts/Impact.ttf
/usr/share/fonts/truetype/msttcorefonts/Times_New_Roman.ttf
/usr/share/fonts/truetype/msttcorefonts/Times_New_Roman_Bold.ttf
/usr/share/fonts/truetype/msttcorefonts/Times_New_Roman_Bold_Italic.ttf
/usr/share/fonts/truetype/msttcorefonts/Times_New_Roman_Italic.ttf
/usr/share/fonts/truetype/msttcorefonts/Trebuchet_MS.ttf
/usr/share/fonts/truetype/msttcorefonts/Trebuchet_MS_Bold.ttf
/usr/share/fonts/truetype/msttcorefonts/Trebuchet_MS_Bold_Italic.ttf
/usr/share/fonts/truetype/msttcorefonts/Trebuchet_MS_Italic.ttf
/usr/share/fonts/truetype/msttcorefonts/Verdana.ttf
/usr/share/fonts/truetype/msttcorefonts/Verdana_Bold.ttf
/usr/share/fonts/truetype/msttcorefonts/Verdana_Bold_Italic.ttf
/usr/share/fonts/truetype/msttcorefonts/Verdana_Italic.ttf
/usr/share/fonts/truetype/msttcorefonts/Webdings.ttf
/usr/share/fonts/truetype/noto/NotoColorEmoji.ttf
/usr/share/fonts/truetype/noto/NotoKufiArabic-Bold.ttf
/usr/share/fonts/truetype/noto/NotoKufiArabic-Regular.ttf
/usr/share/fonts/truetype/noto/NotoLoopedLao-Bold.ttf
/usr/share/fonts/truetype/noto/NotoLoopedLao-Regular.ttf
/usr/share/fonts/truetype/noto/NotoLoopedThai-Bold.ttf
/usr/share/fonts/truetype/noto/NotoLoopedThai-Regular.ttf
/usr/share/fonts/truetype/noto/NotoMono-Regular.ttf
/usr/share/fonts/truetype/noto/NotoMusic-Regular.ttf
/usr/share/fonts/truetype/noto/NotoNaskhArabic-Bold.ttf
/usr/share/fonts/truetype/noto/NotoNaskhArabic-Regular.ttf
/usr/share/fonts/truetype/noto/NotoNastaliqUrdu-Bold.ttf
/usr/share/fonts/truetype/noto/NotoNastaliqUrdu-Regular.ttf
/usr/share/fonts/truetype/noto/NotoRashiHebrew-Bold.ttf
/usr/share/fonts/truetype/noto/NotoRashiHebrew-Regular.ttf
/usr/share/fonts/truetype/noto/NotoSans-Bold.ttf
/usr/share/fonts/truetype/noto/NotoSans-BoldItalic.ttf
/usr/share/fonts/truetype/noto/NotoSans-Italic.ttf
/usr/share/fonts/truetype/noto/NotoSans-Regular.ttf
/usr/share/fonts/truetype/noto/NotoSansAdlam-Bold.ttf
/usr/share/fonts/truetype/noto/NotoSansAdlam-Regular.ttf
/usr/share/fonts/truetype/noto/NotoSansAdlamUnjoined-Bold.ttf
/usr/share/fonts/truetype/noto/NotoSansAdlamUnjoined-Regular.ttf
/usr/share/fonts/truetype/noto/NotoSansAnatolianHieroglyphs-Regular.ttf
/usr/share/fonts/truetype/noto/NotoSansArabic-Bold.ttf
/usr/share/fonts/truetype/noto/NotoSansArabic-Regular.ttf
/usr/share/fonts/truetype/noto/NotoSansArmenian-Bold.ttf
/usr/share/fonts/truetype/noto/NotoSansArmenian-Regular.ttf
/usr/share/fonts/truetype/noto/NotoSansAvestan-Regular.ttf
/usr/share/fonts/truetype/noto/NotoSansBalinese-Bold.ttf
/usr/share/fonts/truetype/noto/NotoSansBalinese-Regular.ttf
/usr/share/fonts/truetype/noto/NotoSansBamum-Bold.ttf
/usr/share/fonts/truetype/noto/NotoSansBamum-Regular.ttf
/usr/share/fonts/truetype/noto/NotoSansBassaVah-Regular.ttf
/usr/share/fonts/truetype/noto/NotoSansBatak-Regular.ttf
/usr/share/fonts/truetype/noto/NotoSansBengali-Bold.ttf
/usr/share/fonts/truetype/noto/NotoSansBengali-Regular.ttf
/usr/share/fonts/truetype/noto/NotoSansBhaiksuki-Regular.ttf
/usr/share/fonts/truetype/noto/NotoSansBrahmi-Regular.ttf
/usr/share/fonts/truetype/noto/NotoSansBuginese-Regular.ttf
/usr/share/fonts/truetype/noto/NotoSansBuhid-Regular.ttf
/usr/share/fonts/truetype/noto/NotoSansCanadianAboriginal-Bold.ttf
/usr/share/fonts/truetype/noto/NotoSansCanadianAboriginal-Regular.ttf
/usr/share/fonts/truetype/noto/NotoSansCarian-Regular.ttf
/usr/share/fonts/truetype/noto/NotoSansCaucasianAlbanian-Regular.ttf
/usr/share/fonts/truetype/noto/NotoSansChakma-Regular.ttf
/usr/share/fonts/truetype/noto/NotoSansCham-Bold.ttf
/usr/share/fonts/truetype/noto/NotoSansCham-Regular.ttf
/usr/share/fonts/truetype/noto/NotoSansCherokee-Bold.ttf
/usr/share/fonts/truetype/noto/NotoSansCherokee-Regular.ttf
/usr/share/fonts/truetype/noto/NotoSansCoptic-Regular.ttf
/usr/share/fonts/truetype/noto/NotoSansCuneiform-Regular.ttf
/usr/share/fonts/truetype/noto/NotoSansCypriot-Regular.ttf
/usr/share/fonts/truetype/noto/NotoSansDeseret-Regular.ttf
/usr/share/fonts/truetype/noto/NotoSansDevanagari-Bold.ttf
/usr/share/fonts/truetype/noto/NotoSansDevanagari-Regular.ttf
/usr/share/fonts/truetype/noto/NotoSansDisplay-Bold.ttf
/usr/share/fonts/truetype/noto/NotoSansDisplay-BoldItalic.ttf
/usr/share/fonts/truetype/noto/NotoSansDisplay-Italic.ttf
/usr/share/fonts/truetype/noto/NotoSansDisplay-Regular.ttf
/usr/share/fonts/truetype/noto/NotoSansDuployan-Regular.ttf
/usr/share/fonts/truetype/noto/NotoSansEgyptianHieroglyphs-Regular.ttf
/usr/share/fonts/truetype/noto/NotoSansElbasan-Regular.ttf
/usr/share/fonts/truetype/noto/NotoSansElymaic-Regular.ttf
/usr/share/fonts/truetype/noto/NotoSansEthiopic-Bold.ttf
/usr/share/fonts/truetype/noto/NotoSansEthiopic-Regular.ttf
/usr/share/fonts/truetype/noto/NotoSansGeorgian-Bold.ttf
/usr/share/fonts/truetype/noto/NotoSansGeorgian-Regular.ttf
/usr/share/fonts/truetype/noto/NotoSansGlagolitic-Regular.ttf
/usr/share/fonts/truetype/noto/NotoSansGothic-Regular.ttf
/usr/share/fonts/truetype/noto/NotoSansGrantha-Regular.ttf
/usr/share/fonts/truetype/noto/NotoSansGujarati-Bold.ttf
/usr/share/fonts/truetype/noto/NotoSansGujarati-Regular.ttf
/usr/share/fonts/truetype/noto/NotoSansGunjalaGondi-Regular.ttf
/usr/share/fonts/truetype/noto/NotoSansGurmukhi-Bold.ttf
/usr/share/fonts/truetype/noto/NotoSansGurmukhi-Regular.ttf
/usr/share/fonts/truetype/noto/NotoSansHanifiRohingya-Bold.ttf
/usr/share/fonts/truetype/noto/NotoSansHanifiRohingya-Regular.ttf
/usr/share/fonts/truetype/noto/NotoSansHanunoo-Regular.ttf
/usr/share/fonts/truetype/noto/NotoSansHatran-Regular.ttf
/usr/share/fonts/truetype/noto/NotoSansHebrew-Bold.ttf
/usr/share/fonts/truetype/noto/NotoSansHebrew-Regular.ttf
/usr/share/fonts/truetype/noto/NotoSansImperialAramaic-Regular.ttf
/usr/share/fonts/truetype/noto/NotoSansIndicSiyaqNumbers-Regular.ttf
/usr/share/fonts/truetype/noto/NotoSansInscriptionalPahlavi-Regular.ttf
/usr/share/fonts/truetype/noto/NotoSansInscriptionalParthian-Regular.ttf
/usr/share/fonts/truetype/noto/NotoSansJavanese-Bold.ttf
/usr/share/fonts/truetype/noto/NotoSansJavanese-Regular.ttf
/usr/share/fonts/truetype/noto/NotoSansKaithi-Regular.ttf
/usr/share/fonts/truetype/noto/NotoSansKannada-Bold.ttf
/usr/share/fonts/truetype/noto/NotoSansKannada-Regular.ttf
/usr/share/fonts/truetype/noto/NotoSansKayahLi-Bold.ttf
/usr/share/fonts/truetype/noto/NotoSansKayahLi-Regular.ttf
/usr/share/fonts/truetype/noto/NotoSansKharoshthi-Regular.ttf
/usr/share/fonts/truetype/noto/NotoSansKhmer-Bold.ttf
/usr/share/fonts/truetype/noto/NotoSansKhmer-Regular.ttf
/usr/share/fonts/truetype/noto/NotoSansKhojki-Regular.ttf
/usr/share/fonts/truetype/noto/NotoSansKhudawadi-Regular.ttf
/usr/share/fonts/truetype/noto/NotoSansLao-Bold.ttf
/usr/share/fonts/truetype/noto/NotoSansLao-Regular.ttf
/usr/share/fonts/truetype/noto/NotoSansLepcha-Regular.ttf
/usr/share/fonts/truetype/noto/NotoSansLimbu-Regular.ttf
/usr/share/fonts/truetype/noto/NotoSansLinearA-Regular.ttf
/usr/share/fonts/truetype/noto/NotoSansLinearB-Regular.ttf
/usr/share/fonts/truetype/noto/NotoSansLisu-Bold.ttf
/usr/share/fonts/truetype/noto/NotoSansLisu-Regular.ttf
/usr/share/fonts/truetype/noto/NotoSansLycian-Regular.ttf
/usr/share/fonts/truetype/noto/NotoSansLydian-Regular.ttf
/usr/share/fonts/truetype/noto/NotoSansMahajani-Regular.ttf
/usr/share/fonts/truetype/noto/NotoSansMalayalam-Bold.ttf
/usr/share/fonts/truetype/noto/NotoSansMalayalam-Regular.ttf
/usr/share/fonts/truetype/noto/NotoSansMandaic-Regular.ttf
/usr/share/fonts/truetype/noto/NotoSansManichaean-Regular.ttf
/usr/share/fonts/truetype/noto/NotoSansMarchen-Regular.ttf
/usr/share/fonts/truetype/noto/NotoSansMasaramGondi-Regular.ttf
/usr/share/fonts/truetype/noto/NotoSansMath-Regular.ttf
/usr/share/fonts/truetype/noto/NotoSansMayanNumerals-Regular.ttf
/usr/share/fonts/truetype/noto/NotoSansMedefaidrin-Bold.ttf
/usr/share/fonts/truetype/noto/NotoSansMedefaidrin-Regular.ttf
/usr/share/fonts/truetype/noto/NotoSansMeeteiMayek-Bold.ttf
/usr/share/fonts/truetype/noto/NotoSansMeeteiMayek-Regular.ttf
/usr/share/fonts/truetype/noto/NotoSansMendeKikakui-Regular.ttf
/usr/share/fonts/truetype/noto/NotoSansMeroitic-Regular.ttf
/usr/share/fonts/truetype/noto/NotoSansMiao-Regular.ttf
/usr/share/fonts/truetype/noto/NotoSansModi-Regular.ttf
/usr/share/fonts/truetype/noto/NotoSansMongolian-Regular.ttf
/usr/share/fonts/truetype/noto/NotoSansMono-Bold.ttf
/usr/share/fonts/truetype/noto/NotoSansMono-Regular.ttf
/usr/share/fonts/truetype/noto/NotoSansMro-Regular.ttf
/usr/share/fonts/truetype/noto/NotoSansMultani-Regular.ttf
/usr/share/fonts/truetype/noto/NotoSansMyanmar-Bold.ttf
/usr/share/fonts/truetype/noto/NotoSansMyanmar-Regular.ttf
/usr/share/fonts/truetype/noto/NotoSansNKo-Regular.ttf
/usr/share/fonts/truetype/noto/NotoSansNabataean-Regular.ttf
/usr/share/fonts/truetype/noto/NotoSansNewTaiLue-Regular.ttf
/usr/share/fonts/truetype/noto/NotoSansNewa-Regular.ttf
/usr/share/fonts/truetype/noto/NotoSansNushu-Regular.ttf
/usr/share/fonts/truetype/noto/NotoSansOgham-Regular.ttf
/usr/share/fonts/truetype/noto/NotoSansOlChiki-Bold.ttf
/usr/share/fonts/truetype/noto/NotoSansOlChiki-Regular.ttf
/usr/share/fonts/truetype/noto/NotoSansOldHungarian-Regular.ttf
/usr/share/fonts/truetype/noto/NotoSansOldItalic-Regular.ttf
/usr/share/fonts/truetype/noto/NotoSansOldNorthArabian-Regular.ttf
/usr/share/fonts/truetype/noto/NotoSansOldPermic-Regular.ttf
/usr/share/fonts/truetype/noto/NotoSansOldPersian-Regular.ttf
/usr/share/fonts/truetype/noto/NotoSansOldSogdian-Regular.ttf
/usr/share/fonts/truetype/noto/NotoSansOldSouthArabian-Regular.ttf
/usr/share/fonts/truetype/noto/NotoSansOldTurkic-Regular.ttf
/usr/share/fonts/truetype/noto/NotoSansOriya-Bold.ttf
/usr/share/fonts/truetype/noto/NotoSansOriya-Regular.ttf
/usr/share/fonts/truetype/noto/NotoSansOsage-Regular.ttf
/usr/share/fonts/truetype/noto/NotoSansOsmanya-Regular.ttf
/usr/share/fonts/truetype/noto/NotoSansPahawhHmong-Regular.ttf
/usr/share/fonts/truetype/noto/NotoSansPalmyrene-Regular.ttf
/usr/share/fonts/truetype/noto/NotoSansPauCinHau-Regular.ttf
/usr/share/fonts/truetype/noto/NotoSansPhagsPa-Regular.ttf
/usr/share/fonts/truetype/noto/NotoSansPhoenician-Regular.ttf
/usr/share/fonts/truetype/noto/NotoSansPsalterPahlavi-Regular.ttf
/usr/share/fonts/truetype/noto/NotoSansRejang-Regular.ttf
/usr/share/fonts/truetype/noto/NotoSansRunic-Regular.ttf
/usr/share/fonts/truetype/noto/NotoSansSamaritan-Regular.ttf
/usr/share/fonts/truetype/noto/NotoSansSaurashtra-Regular.ttf
/usr/share/fonts/truetype/noto/NotoSansSharada-Regular.ttf
/usr/share/fonts/truetype/noto/NotoSansShavian-Regular.ttf
/usr/share/fonts/truetype/noto/NotoSansSiddham-Regular.ttf
/usr/share/fonts/truetype/noto/NotoSansSignWriting-Regular.ttf
/usr/share/fonts/truetype/noto/NotoSansSinhala-Bold.ttf
/usr/share/fonts/truetype/noto/NotoSansSinhala-Regular.ttf
/usr/share/fonts/truetype/noto/NotoSansSogdian-Regular.ttf
/usr/share/fonts/truetype/noto/NotoSansSoraSompeng-Bold.ttf
/usr/share/fonts/truetype/noto/NotoSansSoraSompeng-Regular.ttf
/usr/share/fonts/truetype/noto/NotoSansSoyombo-Regular.ttf
/usr/share/fonts/truetype/noto/NotoSansSundanese-Bold.ttf
/usr/share/fonts/truetype/noto/NotoSansSundanese-Regular.ttf
/usr/share/fonts/truetype/noto/NotoSansSylotiNagri-Regular.ttf
/usr/share/fonts/truetype/noto/NotoSansSymbols-Bold.ttf
/usr/share/fonts/truetype/noto/NotoSansSymbols-Regular.ttf
/usr/share/fonts/truetype/noto/NotoSansSymbols2-Regular.ttf
/usr/share/fonts/truetype/noto/NotoSansSyriac-Regular.ttf
/usr/share/fonts/truetype/noto/NotoSansTagalog-Regular.ttf
/usr/share/fonts/truetype/noto/NotoSansTagbanwa-Regular.ttf
/usr/share/fonts/truetype/noto/NotoSansTaiLe-Regular.ttf
/usr/share/fonts/truetype/noto/NotoSansTaiTham-Bold.ttf
/usr/share/fonts/truetype/noto/NotoSansTaiTham-Regular.ttf
/usr/share/fonts/truetype/noto/NotoSansTaiViet-Regular.ttf
/usr/share/fonts/truetype/noto/NotoSansTakri-Regular.ttf
/usr/share/fonts/truetype/noto/NotoSansTamil-Bold.ttf
/usr/share/fonts/truetype/noto/NotoSansTamil-Regular.ttf
/usr/share/fonts/truetype/noto/NotoSansTamilSupplement-Regular.ttf
/usr/share/fonts/truetype/noto/NotoSansTelugu-Bold.ttf
/usr/share/fonts/truetype/noto/NotoSansTelugu-Regular.ttf
/usr/share/fonts/truetype/noto/NotoSansThaana-Bold.ttf
/usr/share/fonts/truetype/noto/NotoSansThaana-Regular.ttf
/usr/share/fonts/truetype/noto/NotoSansThai-Bold.ttf
/usr/share/fonts/truetype/noto/NotoSansThai-Regular.ttf
/usr/share/fonts/truetype/noto/NotoSansTifinagh-Regular.ttf
/usr/share/fonts/truetype/noto/NotoSansTifinaghAPT-Regular.ttf
/usr/share/fonts/truetype/noto/NotoSansTifinaghAdrar-Regular.ttf
/usr/share/fonts/truetype/noto/NotoSansTifinaghAgrawImazighen-Regular.ttf
/usr/share/fonts/truetype/noto/NotoSansTifinaghAhaggar-Regular.ttf
/usr/share/fonts/truetype/noto/NotoSansTifinaghAir-Regular.ttf
/usr/share/fonts/truetype/noto/NotoSansTifinaghAzawagh-Regular.ttf
/usr/share/fonts/truetype/noto/NotoSansTifinaghGhat-Regular.ttf
/usr/share/fonts/truetype/noto/NotoSansTifinaghHawad-Regular.ttf
/usr/share/fonts/truetype/noto/NotoSansTifinaghRhissaIxa-Regular.ttf
/usr/share/fonts/truetype/noto/NotoSansTifinaghSIL-Regular.ttf
/usr/share/fonts/truetype/noto/NotoSansTifinaghTawellemmet-Regular.ttf
/usr/share/fonts/truetype/noto/NotoSansTirhuta-Regular.ttf
/usr/share/fonts/truetype/noto/NotoSansUgaritic-Regular.ttf
/usr/share/fonts/truetype/noto/NotoSansVai-Regular.ttf
/usr/share/fonts/truetype/noto/NotoSansWancho-Regular.ttf
/usr/share/fonts/truetype/noto/NotoSansWarangCiti-Regular.ttf
/usr/share/fonts/truetype/noto/NotoSansYi-Regular.ttf
/usr/share/fonts/truetype/noto/NotoSansZanabazarSquare-Regular.ttf
/usr/share/fonts/truetype/noto/NotoSerif-Bold.ttf
/usr/share/fonts/truetype/noto/NotoSerif-BoldItalic.ttf
/usr/share/fonts/truetype/noto/NotoSerif-Italic.ttf
/usr/share/fonts/truetype/noto/NotoSerif-Regular.ttf
/usr/share/fonts/truetype/noto/NotoSerifAhom-Regular.ttf
/usr/share/fonts/truetype/noto/NotoSerifArmenian-Bold.ttf
/usr/share/fonts/truetype/noto/NotoSerifArmenian-Regular.ttf
/usr/share/fonts/truetype/noto/NotoSerifBalinese-Regular.ttf
/usr/share/fonts/truetype/noto/NotoSerifBengali-Bold.ttf
/usr/share/fonts/truetype/noto/NotoSerifBengali-Regular.ttf
/usr/share/fonts/truetype/noto/NotoSerifDevanagari-Bold.ttf
/usr/share/fonts/truetype/noto/NotoSerifDevanagari-Regular.ttf
/usr/share/fonts/truetype/noto/NotoSerifDisplay-Bold.ttf
/usr/share/fonts/truetype/noto/NotoSerifDisplay-BoldItalic.ttf
/usr/share/fonts/truetype/noto/NotoSerifDisplay-Italic.ttf
/usr/share/fonts/truetype/noto/NotoSerifDisplay-Regular.ttf
/usr/share/fonts/truetype/noto/NotoSerifDogra-Regular.ttf
/usr/share/fonts/truetype/noto/NotoSerifEthiopic-Bold.ttf
/usr/share/fonts/truetype/noto/NotoSerifEthiopic-Regular.ttf
/usr/share/fonts/truetype/noto/NotoSerifGeorgian-Bold.ttf
/usr/share/fonts/truetype/noto/NotoSerifGeorgian-Regular.ttf
/usr/share/fonts/truetype/noto/NotoSerifGrantha-Regular.ttf
/usr/share/fonts/truetype/noto/NotoSerifGujarati-Bold.ttf
/usr/share/fonts/truetype/noto/NotoSerifGujarati-Regular.ttf
/usr/share/fonts/truetype/noto/NotoSerifGurmukhi-Bold.ttf
/usr/share/fonts/truetype/noto/NotoSerifGurmukhi-Regular.ttf
/usr/share/fonts/truetype/noto/NotoSerifHebrew-Bold.ttf
/usr/share/fonts/truetype/noto/NotoSerifHebrew-Regular.ttf
/usr/share/fonts/truetype/noto/NotoSerifKannada-Bold.ttf
/usr/share/fonts/truetype/noto/NotoSerifKannada-Regular.ttf
/usr/share/fonts/truetype/noto/NotoSerifKhmer-Bold.ttf
/usr/share/fonts/truetype/noto/NotoSerifKhmer-Regular.ttf
/usr/share/fonts/truetype/noto/NotoSerifKhojki-Bold.ttf
/usr/share/fonts/truetype/noto/NotoSerifKhojki-Regular.ttf
/usr/share/fonts/truetype/noto/NotoSerifLao-Bold.ttf
/usr/share/fonts/truetype/noto/NotoSerifLao-Regular.ttf
/usr/share/fonts/truetype/noto/NotoSerifMalayalam-Bold.ttf
/usr/share/fonts/truetype/noto/NotoSerifMalayalam-Regular.ttf
/usr/share/fonts/truetype/noto/NotoSerifMyanmar-Bold.ttf
/usr/share/fonts/truetype/noto/NotoSerifMyanmar-Regular.ttf
/usr/share/fonts/truetype/noto/NotoSerifNyiakengPuachueHmong-Bold.ttf
/usr/share/fonts/truetype/noto/NotoSerifNyiakengPuachueHmong-Regular.ttf
/usr/share/fonts/truetype/noto/NotoSerifSinhala-Bold.ttf
/usr/share/fonts/truetype/noto/NotoSerifSinhala-Regular.ttf
/usr/share/fonts/truetype/noto/NotoSerifTamil-Bold.ttf
/usr/share/fonts/truetype/noto/NotoSerifTamil-Regular.ttf
/usr/share/fonts/truetype/noto/NotoSerifTamilSlanted-Bold.ttf
/usr/share/fonts/truetype/noto/NotoSerifTamilSlanted-Regular.ttf
/usr/share/fonts/truetype/noto/NotoSerifTangut-Regular.ttf
/usr/share/fonts/truetype/noto/NotoSerifTelugu-Bold.ttf
/usr/share/fonts/truetype/noto/NotoSerifTelugu-Regular.ttf
/usr/share/fonts/truetype/noto/NotoSerifThai-Bold.ttf
/usr/share/fonts/truetype/noto/NotoSerifThai-Regular.ttf
/usr/share/fonts/truetype/noto/NotoSerifTibetan-Bold.ttf
/usr/share/fonts/truetype/noto/NotoSerifTibetan-Regular.ttf
/usr/share/fonts/truetype/noto/NotoSerifYezidi-Bold.ttf
/usr/share/fonts/truetype/noto/NotoSerifYezidi-Regular.ttf
/usr/share/fonts/truetype/noto/NotoTraditionalNushu-Regular.ttf
/usr/share/fonts/truetype/open-sans/OpenSans-Bold.ttf
/usr/share/fonts/truetype/open-sans/OpenSans-BoldItalic.ttf
/usr/share/fonts/truetype/open-sans/OpenSans-CondBold.ttf
/usr/share/fonts/truetype/open-sans/OpenSans-CondLight.ttf
/usr/share/fonts/truetype/open-sans/OpenSans-CondLightItalic.ttf
/usr/share/fonts/truetype/open-sans/OpenSans-ExtraBold.ttf
/usr/share/fonts/truetype/open-sans/OpenSans-ExtraBoldItalic.ttf
/usr/share/fonts/truetype/open-sans/OpenSans-Italic.ttf
/usr/share/fonts/truetype/open-sans/OpenSans-Light.ttf
/usr/share/fonts/truetype/open-sans/OpenSans-LightItalic.ttf
/usr/share/fonts/truetype/open-sans/OpenSans-Regular.ttf
/usr/share/fonts/truetype/open-sans/OpenSans-Semibold.ttf
/usr/share/fonts/truetype/open-sans/OpenSans-SemiboldItalic.ttf
/usr/share/fonts/truetype/ubuntu/Ubuntu-Italic[wdth,wght].ttf
/usr/share/fonts/truetype/ubuntu/UbuntuMono-Italic[wght].ttf
/usr/share/fonts/truetype/ubuntu/UbuntuMono[wght].ttf
/usr/share/fonts/truetype/ubuntu/UbuntuSans-Italic[wdth,wght].ttf
/usr/share/fonts/truetype/ubuntu/UbuntuSansMono-Italic[wght].ttf
/usr/share/fonts/truetype/ubuntu/UbuntuSansMono[wght].ttf
/usr/share/fonts/truetype/ubuntu/UbuntuSans[wdth,wght].ttf
/usr/share/fonts/truetype/ubuntu/Ubuntu[wdth,wght].ttf
/usr/share/fonts/type1/urw-base35/C059-BdIta.afm
/usr/share/fonts/type1/urw-base35/C059-BdIta.t1
/usr/share/fonts/type1/urw-base35/C059-Bold.afm
/usr/share/fonts/type1/urw-base35/C059-Bold.t1
/usr/share/fonts/type1/urw-base35/C059-Italic.afm
/usr/share/fonts/type1/urw-base35/C059-Italic.t1
/usr/share/fonts/type1/urw-base35/C059-Roman.afm
/usr/share/fonts/type1/urw-base35/C059-Roman.t1
/usr/share/fonts/type1/urw-base35/D050000L.afm
/usr/share/fonts/type1/urw-base35/D050000L.t1
/usr/share/fonts/type1/urw-base35/NimbusMonoPS-Bold.afm
/usr/share/fonts/type1/urw-base35/NimbusMonoPS-Bold.t1
/usr/share/fonts/type1/urw-base35/NimbusMonoPS-BoldItalic.afm
/usr/share/fonts/type1/urw-base35/NimbusMonoPS-BoldItalic.t1
/usr/share/fonts/type1/urw-base35/NimbusMonoPS-Italic.afm
/usr/share/fonts/type1/urw-base35/NimbusMonoPS-Italic.t1
/usr/share/fonts/type1/urw-base35/NimbusMonoPS-Regular.afm
/usr/share/fonts/type1/urw-base35/NimbusMonoPS-Regular.t1
/usr/share/fonts/type1/urw-base35/NimbusRoman-Bold.afm
/usr/share/fonts/type1/urw-base35/NimbusRoman-Bold.t1
/usr/share/fonts/type1/urw-base35/NimbusRoman-BoldItalic.afm
/usr/share/fonts/type1/urw-base35/NimbusRoman-BoldItalic.t1
/usr/share/fonts/type1/urw-base35/NimbusRoman-Italic.afm
/usr/share/fonts/type1/urw-base35/NimbusRoman-Italic.t1
/usr/share/fonts/type1/urw-base35/NimbusRoman-Regular.afm
/usr/share/fonts/type1/urw-base35/NimbusRoman-Regular.t1
/usr/share/fonts/type1/urw-base35/NimbusSans-Bold.afm
/usr/share/fonts/type1/urw-base35/NimbusSans-Bold.t1
/usr/share/fonts/type1/urw-base35/NimbusSans-BoldItalic.afm
/usr/share/fonts/type1/urw-base35/NimbusSans-BoldItalic.t1
/usr/share/fonts/type1/urw-base35/NimbusSans-Italic.afm
/usr/share/fonts/type1/urw-base35/NimbusSans-Italic.t1
/usr/share/fonts/type1/urw-base35/NimbusSans-Regular.afm
/usr/share/fonts/type1/urw-base35/NimbusSans-Regular.t1
/usr/share/fonts/type1/urw-base35/NimbusSansNarrow-Bold.afm
/usr/share/fonts/type1/urw-base35/NimbusSansNarrow-Bold.t1
/usr/share/fonts/type1/urw-base35/NimbusSansNarrow-BoldOblique.afm
/usr/share/fonts/type1/urw-base35/NimbusSansNarrow-BoldOblique.t1
/usr/share/fonts/type1/urw-base35/NimbusSansNarrow-Oblique.afm
/usr/share/fonts/type1/urw-base35/NimbusSansNarrow-Oblique.t1
/usr/share/fonts/type1/urw-base35/NimbusSansNarrow-Regular.afm
/usr/share/fonts/type1/urw-base35/NimbusSansNarrow-Regular.t1
/usr/share/fonts/type1/urw-base35/P052-Bold.afm
/usr/share/fonts/type1/urw-base35/P052-Bold.t1
/usr/share/fonts/type1/urw-base35/P052-BoldItalic.afm
/usr/share/fonts/type1/urw-base35/P052-BoldItalic.t1
/usr/share/fonts/type1/urw-base35/P052-Italic.afm
/usr/share/fonts/type1/urw-base35/P052-Italic.t1
/usr/share/fonts/type1/urw-base35/P052-Roman.afm
/usr/share/fonts/type1/urw-base35/P052-Roman.t1
/usr/share/fonts/type1/urw-base35/StandardSymbolsPS.afm
/usr/share/fonts/type1/urw-base35/StandardSymbolsPS.t1
/usr/share/fonts/type1/urw-base35/URWBookman-Demi.afm
/usr/share/fonts/type1/urw-base35/URWBookman-Demi.t1
/usr/share/fonts/type1/urw-base35/URWBookman-DemiItalic.afm
/usr/share/fonts/type1/urw-base35/URWBookman-DemiItalic.t1
/usr/share/fonts/type1/urw-base35/URWBookman-Light.afm
/usr/share/fonts/type1/urw-base35/URWBookman-Light.t1
/usr/share/fonts/type1/urw-base35/URWBookman-LightItalic.afm
/usr/share/fonts/type1/urw-base35/URWBookman-LightItalic.t1
/usr/share/fonts/type1/urw-base35/URWGothic-Book.afm
/usr/share/fonts/type1/urw-base35/URWGothic-Book.t1
/usr/share/fonts/type1/urw-base35/URWGothic-BookOblique.afm
/usr/share/fonts/type1/urw-base35/URWGothic-BookOblique.t1
/usr/share/fonts/type1/urw-base35/URWGothic-Demi.afm
/usr/share/fonts/type1/urw-base35/URWGothic-Demi.t1
/usr/share/fonts/type1/urw-base35/URWGothic-DemiOblique.afm
/usr/share/fonts/type1/urw-base35/URWGothic-DemiOblique.t1
/usr/share/fonts/type1/urw-base35/Z003-MediumItalic.afm
/usr/share/fonts/type1/urw-base35/Z003-MediumItalic.t1
